1.42221687477e+12	2	0	23.0	22.5
1.42221696271e+12	2	0	23.0	22.312
1.42221704095e+12	2	0	23.0	22.312
1.42221727102e+12	2	0	23.0	22.25
1.42221734813e+12	2	0	23.0	22.187
1.42221740823e+12	2	0	23.0	22.25
1.42221746831e+12	2	0	23.0	22.187
1.42221752841e+12	2	0	23.0	22.187
1.42221758853e+12	2	0	23.0	22.25
1.42221764862e+12	2	0	23.0	22.125
1.42221770939e+12	2	0	23.0	22.187
1.4222177695e+12	2	0	23.0	22.125
1.4222178304e+12	2	0	23.0	22.125
1.42221789051e+12	2	1	23.0	22.062
1.42221795061e+12	2	1	23.0	22.125
1.42221801074e+12	2	1	23.0	22.0
1.42221807088e+12	2	1	23.0	22.125
1.42221813182e+12	2	1	23.0	22.062
1.42221819192e+12	2	1	23.0	21.937
1.42221831006e+12	2	1	23.0	22.125
1.42221837016e+12	2	1	23.0	22.187
1.42221847434e+12	2	0	23.0	22.312
1.42221853525e+12	2	0	23.0	22.437
1.42221859619e+12	2	0	23.0	22.312
1.42221865628e+12	2	0	23.0	22.375
1.42221871638e+12	2	0	23.0	22.5
1.42221877648e+12	2	0	23.0	22.625
1.42221883657e+12	2	0	23.0	22.75
1.42221889666e+12	2	0	23.0	22.75
1.42221895678e+12	2	0	23.0	22.812
1.42221908206e+12	2	0	23.0	22.625
1.422219143e+12	2	0	23.0	22.437
1.42221920309e+12	2	0	23.0	22.312
1.42221926324e+12	2	0	23.0	22.312
1.42221932418e+12	2	0	23.0	22.312
1.42221938432e+12	2	0	23.0	22.312
1.42221944529e+12	2	0	23.0	22.312
1.42221950543e+12	2	0	23.0	22.312
1.42221956555e+12	2	0	23.0	22.25
1.42221962568e+12	2	0	0	22.312
1.42221968578e+12	2	0	0	22.312
1.42221974754e+12	2	0	0	22.187
1.42221980771e+12	2	0	0	22.187
1.42221986867e+12	2	0	0	22.125
1.42221992967e+12	2	0	0	22.062
1.42221998981e+12	2	0	0	22.187
1.4222203442e+12	2	0	0	22.125
1.42222079411e+12	2	0	0	18.643358717
1.42222109486e+12	2	0	0	18.5382633978
1.42222139561e+12	2	0	0	18.8595085964
1.42222169635e+12	2	0	0	19.8732445468
1.42222199708e+12	2	0	0	19.1390795137
1.42222229782e+12	2	0	0	19.4275633534
1.42222259857e+12	2	0	0	19.5909549681
1.42222289931e+12	2	0	0	18.916531101
1.42222320005e+12	2	0	0	19.264999362
1.42222350079e+12	2	0	0	20.348863521
1.42222380152e+12	2	0	0	20.010430068
1.42222410225e+12	2	0	0	20.5593047613
1.42222440298e+12	2	0	0	20.5323033222
1.42222470371e+12	2	0	0	20.3205191419
1.42222500445e+12	2	0	0	20.9052233525
1.4222253052e+12	2	0	0	20.5994159976
1.42222560593e+12	2	0	0	20.2311243698
1.42222590667e+12	2	0	0	19.1902335975
1.42222620739e+12	2	0	0	18.6641023761
1.42222650812e+12	2	0	0	18.274547245
1.42222680885e+12	2	0	0	18.3466576276
1.42222710957e+12	2	0	0	17.5119734665
1.4222274103e+12	2	0	0	16.4127204954
1.42222771102e+12	2	0	0	17.0379214584
1.42222801176e+12	2	0	0	17.5818511615
1.42222831249e+12	2	0	0	17.528582501
1.42222861322e+12	2	0	0	17.7818047173
1.42222891396e+12	2	0	0	17.8566587223
1.42222921468e+12	2	0	0	16.8555682504
1.42222951541e+12	2	0	0	17.0427893213
1.42222981614e+12	2	0	0	16.4788154926
1.42223011687e+12	2	0	0	16.5426183675
1.4222304176e+12	2	0	0	15.7737082794
1.42223071833e+12	2	0	0	15.3990211757
1.42223101906e+12	2	0	0	15.1695759584
1.42223131979e+12	2	0	0	15.5495998256
1.42223162052e+12	2	0	0	15.5027523407
1.42223192124e+12	2	0	0	15.886653877
1.42223222197e+12	2	0	0	15.7806725347
1.42223252269e+12	2	0	0	15.6719225916
1.42223282342e+12	2	0	0	16.2542208432
1.42223312414e+12	2	0	0	15.9725309174
1.42223342487e+12	2	0	0	15.804095926
1.42223372559e+12	2	0	0	15.7260543435
1.42223402632e+12	2	0	0	15.2400338741
1.42223432705e+12	2	0	0	15.7938579582
1.42223462778e+12	2	0	0	15.5676767303
1.42223492851e+12	2	0	0	16.2813084423
1.42223522923e+12	2	0	0	16.4113663383
1.42223552996e+12	2	0	0	16.9017373903
1.42223583069e+12	2	0	0	17.8726559994
1.42223613141e+12	2	0	0	17.5263208516
1.42223643214e+12	2	0	0	17.4188851598
1.42223673287e+12	2	0	0	17.2963408961
1.4222370336e+12	2	0	0	16.5367758577
1.42223733433e+12	2	0	0	16.0886526478
1.42223763505e+12	2	0	0	15.718384646
1.42223793578e+12	2	0	0	15.2989234656
1.42223823651e+12	2	0	0	15.1473216996
1.42223853723e+12	2	0	0	15.4408077278
1.42223883797e+12	2	0	0	16.0578044512
1.4222391387e+12	2	0	0	15.8037564075
1.42223943942e+12	2	0	0	15.5131948674
1.42223974015e+12	2	0	0	15.8437843196
1.42224004089e+12	2	0	0	15.8697032232
1.42224034162e+12	2	0	0	16.7080470375
1.42224064235e+12	2	0	0	17.5010222519
1.42224094308e+12	2	0	0	17.0467268921
1.42224124381e+12	2	0	0	17.3584596537
1.42224154455e+12	2	0	0	17.4826432213
1.42224184528e+12	2	0	0	16.8914240229
1.42224214601e+12	2	0	0	16.6445530086
1.42224244675e+12	2	0	0	16.6026750766
1.42224274748e+12	2	0	0	16.3179185495
1.4222430482e+12	2	0	0	16.3490902727
1.42224334893e+12	2	0	0	16.4119163091
1.42224364966e+12	2	0	0	16.369454928
1.42224395039e+12	2	0	0	16.2582373013
1.42224425112e+12	2	0	0	15.919086301
1.42224455186e+12	2	0	0	16.7854589709
1.42224485259e+12	2	0	0	17.3506254285
1.42224515332e+12	2	0	0	17.2361613308
1.42224545405e+12	2	0	0	18.3819708921
1.42224575478e+12	2	0	0	18.4480607201
1.42224605551e+12	2	0	0	18.0998068312
1.42224635624e+12	2	0	0	18.228142255
1.42224665697e+12	2	0	0	19.476003903
1.4222469577e+12	2	0	0	19.3116314409
1.42224725844e+12	2	0	0	19.6318981406
1.42224755917e+12	2	0	0	18.5515331566
1.4222478599e+12	2	0	0	17.9443587048
1.42224816063e+12	2	0	0	18.7716130542
1.42224846136e+12	2	0	0	18.5939392662
1.42224876209e+12	2	0	0	18.6644109087
1.42224906281e+12	2	0	0	18.4811666826
1.42224936356e+12	2	0	0	17.7980395996
1.42224966429e+12	2	0	0	18.1439539388
1.42224996502e+12	2	0	0	19.1150755495
1.42225026575e+12	2	0	0	18.9245721955
1.42225056648e+12	2	0	0	18.9173529045
1.42225086721e+12	2	0	0	18.9012582915
1.42225116794e+12	2	0	0	18.9219618251
1.42225146866e+12	2	0	0	18.5705793086
1.42225176939e+12	2	0	0	18.6250615624
1.42225207012e+12	2	0	0	18.7234680667
1.42225237085e+12	2	0	0	18.7527578725
1.42225267158e+12	2	0	0	19.5353020791
1.42225297231e+12	2	0	0	18.9490668341
1.42225327303e+12	2	0	0	18.5710329003
1.42225357376e+12	2	0	0	18.3769644713
1.42225387449e+12	2	0	0	17.7715697688
1.42225417522e+12	2	0	0	17.9502516951
1.42225447595e+12	2	0	0	18.1122776937
1.42225477668e+12	2	0	0	17.9593788416
1.42225507741e+12	2	0	0	17.3298809571
1.42225537814e+12	2	0	0	16.6882051312
1.42225567887e+12	2	0	0	16.3660241735
1.4222559796e+12	2	0	0	16.7255552132
1.42225628033e+12	2	0	0	16.4584137715
1.42225658106e+12	2	0	0	16.0384215119
1.42225688179e+12	2	0	0	15.8739099734
1.42225718251e+12	2	0	0	15.7630311687
1.42225748324e+12	2	0	0	15.5758604683
1.42225778397e+12	2	0	0	15.6125514037
1.4222580847e+12	2	0	0	15.8432245269
1.42225838543e+12	2	0	0	15.8698126601
1.42225868619e+12	2	0	0	16.08980729
1.42225898693e+12	2	0	0	15.5382247075
1.42225928766e+12	2	0	0	15.7865641879
1.42225958839e+12	2	0	0	15.5182741562
1.42225988912e+12	2	0	0	15.5531328067
1.42226018986e+12	2	0	0	16.0788455382
1.42226049059e+12	2	0	0	15.3897201095
1.42226079133e+12	2	0	0	15.2236932406
1.42226109206e+12	2	0	0	15.5985169561
1.4222613928e+12	2	0	0	15.8870757972
1.42226169353e+12	2	0	0	15.9218624697
1.42226199426e+12	2	0	0	15.8912614523
1.422262295e+12	2	0	0	15.9228609085
1.42226259573e+12	2	0	0	15.6169802302
1.42226289646e+12	2	0	0	15.9712778283
1.42226319719e+12	2	0	0	15.9931891011
1.42226349794e+12	2	0	0	15.9610214027
1.42226379867e+12	2	0	0	16.0469644622
1.42226409942e+12	2	0	0	16.6317240038
1.42226440016e+12	2	0	0	16.8132087663
1.42226470089e+12	2	0	0	15.7008535909
1.42226500163e+12	2	0	0	15.9365096062
1.42226530238e+12	2	0	0	15.8764014421
1.42226560311e+12	2	0	0	15.4079302524
1.42226590384e+12	2	0	0	15.3621643498
1.42226620457e+12	2	0	0	15.6712892834
1.42226650531e+12	2	0	0	15.1933179725
1.42226680605e+12	2	0	0	15.4161272597
1.42226710678e+12	2	0	0	15.1058605658
1.42226740753e+12	2	0	0	15.3006561865
1.42226770826e+12	2	0	0	15.3430911638
1.42226800901e+12	2	0	0	16.6707317722
1.42226830975e+12	2	0	0	16.5082382091
1.42226861047e+12	2	0	0	17.2235616933
1.42226891121e+12	2	0	0	17.2988416634
1.42226921195e+12	2	0	0	16.8139941974
1.4222695127e+12	2	0	0	16.6242218291
1.42226981344e+12	2	0	0	15.8096516881
1.42227011418e+12	2	0	0	16.1130791335
1.42227041492e+12	2	0	0	16.6934545728
1.42227071566e+12	2	0	0	17.0108765203
1.4222710164e+12	2	0	0	16.7034773816
1.42227131714e+12	2	0	0	16.7040752427
1.42227161787e+12	2	0	0	16.9016638262
1.42227191861e+12	2	0	0	17.2692730984
1.42227221935e+12	2	0	0	17.6632697208
1.42227252009e+12	2	0	0	17.9436342914
1.42227282083e+12	2	0	0	18.5276080253
1.42227312158e+12	2	0	0	19.2029460098
1.42227342231e+12	2	0	0	19.1766677453
1.42227372306e+12	2	0	0	18.7749597204
1.42227402381e+12	2	0	0	19.8810750487
1.42227432454e+12	2	0	0	19.6752476872
1.42227462528e+12	2	0	0	19.4408602346
1.42227492601e+12	2	0	0	19.4772102437
1.42227522675e+12	2	0	0	19.335261444
1.42227552748e+12	2	0	0	19.3134189545
1.42227582821e+12	2	0	0	18.7809348079
1.42227612895e+12	2	0	0	19.0897602769
1.42227642969e+12	2	0	0	19.4169768099
1.42227673043e+12	2	0	0	19.6910653628
1.42227703116e+12	2	0	0	20.1899631086
1.42227733188e+12	2	0	0	21.3207584538
1.42227763262e+12	2	0	0	22.0491852687
1.42227793336e+12	2	0	0	21.1246260816
1.42227823409e+12	2	0	0	21.6634175361
1.42227853482e+12	2	0	0	21.2969913433
1.42227883558e+12	2	0	0	21.0118226744
1.42227913631e+12	2	0	0	20.5546739972
1.42227943704e+12	2	0	0	21.3944387545
1.42227973779e+12	2	0	0	22.0623209296
1.42228003852e+12	2	0	0	21.997215816
1.42228033925e+12	2	0	0	21.980416869
1.42228064e+12	2	0	0	22.0634983232
1.42228094073e+12	2	0	0	21.2535279265
1.42228124146e+12	2	0	0	21.3050067548
1.4222815422e+12	2	0	0	20.9950225711
1.42228184293e+12	2	0	0	21.239764871
1.42228214366e+12	2	0	0	21.8175084085
1.42228244439e+12	2	0	0	21.4805535699
1.42228274511e+12	2	0	0	21.2762462349
1.42228304584e+12	2	0	0	21.5425646607
1.42228334657e+12	2	0	0	21.8375628339
1.4222836473e+12	2	0	0	22.3310732928
1.42228394803e+12	2	0	0	22.8256496974
1.42228424876e+12	2	0	0	23.1816217457
1.4222845495e+12	2	0	0	23.2620418525
1.42228485022e+12	2	0	0	23.674065135
1.42228515095e+12	2	0	0	23.2721217475
1.42228545168e+12	2	0	0	23.2785776398
1.42228575241e+12	2	0	0	23.465724903
1.42228605313e+12	2	0	0	23.0549858473
1.42228635386e+12	2	0	0	22.6554677601
1.42228665459e+12	2	0	0	22.8246736133
1.42228695532e+12	2	0	0	22.6736170316
1.42228725604e+12	2	0	0	22.5509453277
1.42228755678e+12	2	0	0	22.1139455928
1.42228785751e+12	2	0	0	21.1009352178
1.42228815823e+12	2	0	0	21.9550216193
1.42228845896e+12	2	0	0	21.8388529477
1.42228875969e+12	2	0	0	22.0606251079
1.42228906042e+12	2	0	0	22.06718993
1.42228936114e+12	2	0	0	22.1161747256
1.42228966194e+12	2	0	0	21.6499325692
1.42228996267e+12	2	0	0	21.8607042383
1.4222902634e+12	2	0	0	22.0495559063
1.42229056413e+12	2	0	0	21.7950155956
1.42229086486e+12	2	0	0	22.0368821718
1.4222911656e+12	2	0	0	21.6767382899
1.42229146633e+12	2	0	0	21.7962159937
1.42229176706e+12	2	0	0	22.0338253433
1.4222920678e+12	2	0	0	22.8726456844
1.42229236853e+12	2	0	0	22.7277055128
1.42229266926e+12	2	0	0	22.4503588491
1.42229296999e+12	2	0	0	22.2364088813
1.42229327071e+12	2	0	0	22.4541204253
1.42229357141e+12	2	0	22.0	21.8763444634
1.42229387208e+12	2	1	22.0	21.2531650356
1.42229417275e+12	2	1	22.0	21.635724428
1.42229447341e+12	2	1	22.0	21.5018663548
1.42229477407e+12	2	1	22.0	22.2944675285
1.42229507474e+12	2	1	22.0	22.1741572784
1.42229537541e+12	2	1	22.0	21.9220550208
1.42229567607e+12	2	1	22.0	21.8209961857
1.42229597674e+12	2	1	22.0	21.8950337938
1.42229627741e+12	2	1	22.0	21.8358570468
1.42229657808e+12	2	1	22.0	22.1691442647
1.42229687874e+12	2	1	22.0	20.7194304856
1.42229717941e+12	2	1	22.0	21.2376269865
1.42229748009e+12	2	1	22.0	21.207013795
1.42229778076e+12	2	1	22.0	21.1458315736
1.42229808143e+12	2	1	22.0	20.6884513311
1.42229838209e+12	2	1	22.0	21.5984277891
1.42229868276e+12	2	1	22.0	21.0191872912
1.42229898342e+12	2	1	22.0	21.295800454
1.42229928409e+12	2	1	22.0	21.8080311849
1.42229958476e+12	2	1	22.0	21.8439100368
1.42229988542e+12	2	1	22.0	21.1587784729
1.4223001861e+12	2	1	22.0	21.4853124719
1.42230048677e+12	2	1	22.0	21.2612132804
1.42230078743e+12	2	1	22.0	21.5425490328
1.4223010881e+12	2	1	22.0	21.5288158325
1.42230138877e+12	2	1	22.0	20.4986187169
1.42230168943e+12	2	1	22.0	21.2362886474
1.4223019901e+12	2	1	22.0	21.1530900326
1.42230229077e+12	2	1	22.0	21.4959843581
1.42230259144e+12	2	1	22.0	21.33081912
1.4223028921e+12	2	1	22.0	20.7582883783
1.42230319277e+12	2	1	22.0	20.3177748625
1.42230349344e+12	2	1	22.0	20.1644995594
1.42230379411e+12	2	1	22.0	19.4168156775
1.42230409478e+12	2	1	22.0	19.5941720322
1.42230439544e+12	2	1	22.0	19.5294606882
1.42230469611e+12	2	1	22.0	19.4120157232
1.42230499678e+12	2	1	22.0	19.9736966839
1.42230529745e+12	2	1	22.0	19.0912781279
1.42230559812e+12	2	1	22.0	19.4565269177
1.42230589878e+12	2	1	22.0	19.6513266055
1.42230619945e+12	2	1	22.0	19.5297738748
1.42230650012e+12	2	1	22.0	18.9529060114
1.42230680079e+12	2	1	22.0	19.2613845198
1.42230710146e+12	2	1	22.0	18.4604219268
1.42230740213e+12	2	1	22.0	18.5499930785
1.4223077028e+12	2	1	22.0	17.8360736828
1.42230800346e+12	2	1	22.0	18.7808602171
1.42230830413e+12	2	1	22.0	19.0241948534
1.4223086048e+12	2	1	22.0	19.0440589832
1.42230890547e+12	2	1	22.0	18.3773818552
1.42230920614e+12	2	1	22.0	18.747022455
1.42230950681e+12	2	1	22.0	17.8260734087
1.42230980748e+12	2	1	22.0	17.5314377339
1.42231010814e+12	2	1	22.0	17.7211716065
1.42231040882e+12	2	1	22.0	17.9315402535
1.42231070948e+12	2	1	22.0	18.283394911
1.42231101015e+12	2	1	22.0	18.0574510888
1.42231131082e+12	2	1	22.0	18.3161521316
1.42231161153e+12	2	0	0	18.7230696738
1.42231191226e+12	2	0	0	19.2799967288
1.42231221298e+12	2	0	0	19.676638024
1.42231251371e+12	2	0	0	20.161563657
1.42231281443e+12	2	0	0	19.5742441534
1.42231311516e+12	2	0	0	18.8909688817
1.42231341588e+12	2	0	0	19.0429131867
1.4223137166e+12	2	0	0	19.8353965863
1.42231401733e+12	2	0	0	19.8154245578
1.42231431806e+12	2	0	0	19.4814859231
1.42231461878e+12	2	0	0	18.9219034845
1.42231491951e+12	2	0	0	18.4766783721
1.42231522023e+12	2	0	0	17.8933484553
1.42231552096e+12	2	0	0	17.1287622964
1.42231582168e+12	2	0	0	16.62958526
1.42231612241e+12	2	0	0	16.6954745975
1.42231642314e+12	2	0	0	17.1773289618
1.42231672386e+12	2	0	0	16.8133132903
1.42231702458e+12	2	0	0	16.7895141102
1.42231732531e+12	2	0	0	17.3904869321
1.42231762603e+12	2	0	0	17.2624037172
1.42231792676e+12	2	0	0	18.1703020678
1.42231822748e+12	2	0	0	18.2422919534
1.4223185282e+12	2	0	0	18.0744508922
1.42231882892e+12	2	0	0	18.3130660773
1.42231912965e+12	2	0	0	18.3982529483
1.42231943037e+12	2	0	0	18.4161323562
1.4223197311e+12	2	0	0	18.1155516213
1.42232003182e+12	2	0	0	18.7288375261
1.42232033254e+12	2	0	0	18.4463703279
1.42232063327e+12	2	0	0	18.0041625565
1.42232093399e+12	2	0	0	18.4607006906
1.42232123471e+12	2	0	0	18.8831602461
1.42232153544e+12	2	0	0	19.5349342224
1.42232183616e+12	2	0	0	19.6616223485
1.42232213688e+12	2	0	0	20.1440473013
1.42232243761e+12	2	0	0	19.414809265
1.42232273833e+12	2	0	0	20.3622259377
1.42232303906e+12	2	0	0	20.4347628111
1.42232333978e+12	2	0	0	20.4591979562
1.4223236405e+12	2	0	0	20.7113362034
1.42232394123e+12	2	0	0	20.7260900768
1.42232424195e+12	2	0	0	20.5410078577
1.42232454267e+12	2	0	0	20.6347362488
1.4223248434e+12	2	0	0	20.4094499911
1.42232514412e+12	2	0	0	20.7160271143
1.42232544484e+12	2	0	0	20.653004203
1.42232574557e+12	2	0	0	21.0056524684
1.42232604629e+12	2	0	0	20.8308012821
1.42232634703e+12	2	0	0	20.688817401
1.42232664775e+12	2	0	0	20.1360866321
1.42232694847e+12	2	0	0	19.7436458056
1.4223272492e+12	2	0	0	18.7026874334
1.42232754993e+12	2	0	0	17.9496786316
1.42232785066e+12	2	0	0	17.5053315571
1.42232815138e+12	2	0	0	16.8938682
1.42232845211e+12	2	0	0	17.3393628855
1.42232875284e+12	2	0	0	16.7389630387
1.42232905357e+12	2	0	0	16.1104487178
1.42232935429e+12	2	0	0	16.3537013554
1.42232965502e+12	2	0	0	16.4461896304
1.42232995574e+12	2	0	0	16.4400333685
1.42233025647e+12	2	0	0	16.4803075643
1.4223305572e+12	2	0	0	16.1674263636
1.42233085792e+12	2	0	0	16.319742191
1.42233115864e+12	2	0	0	17.0773008432
1.42233145937e+12	2	0	0	17.3099405287
1.42233176009e+12	2	0	0	17.3008562875
1.42233206082e+12	2	0	0	17.5673401404
1.42233236154e+12	2	0	0	18.5523608874
1.42233266226e+12	2	0	0	18.4377222511
1.42233296299e+12	2	0	0	18.7508556529
1.42233326371e+12	2	0	0	18.1885342864
1.42233356444e+12	2	0	0	17.8510081493
1.42233386516e+12	2	0	0	18.1858829002
1.42233416588e+12	2	0	0	18.6854051781
1.42233446661e+12	2	0	0	19.2510656619
1.42233476733e+12	2	0	0	20.2005459416
1.42233506806e+12	2	0	0	19.662912987
1.42233536878e+12	2	0	0	19.8298106466
1.4223356695e+12	2	0	0	19.0984721763
1.42233597023e+12	2	0	0	18.9872411358
1.42233627096e+12	2	0	0	18.3119104278
1.42233657168e+12	2	0	0	18.3741216435
1.42233687241e+12	2	0	0	18.0942960885
1.42233717314e+12	2	0	0	18.13571835
1.42233747387e+12	2	0	0	17.9430635802
1.42233777459e+12	2	0	0	17.8415096398
1.42233807531e+12	2	0	0	17.7304674691
1.42233837603e+12	2	0	0	17.324738431
1.42233867676e+12	2	0	0	17.2158210665
1.42233897748e+12	2	0	0	17.0788726449
1.42233927821e+12	2	0	0	16.6776206635
1.42233957893e+12	2	0	0	16.8626798403
1.42233987966e+12	2	0	0	16.9086587119
1.42234018038e+12	2	0	0	16.6019924462
1.4223404811e+12	2	0	0	16.4192458379
1.42234078183e+12	2	0	0	16.3311849029
1.42234108255e+12	2	0	0	16.4418569495
1.42234138328e+12	2	0	0	16.6705162715
1.422341684e+12	2	0	0	16.2527458891
1.42234198473e+12	2	0	0	15.8973656197
1.42234228545e+12	2	0	0	16.0391799402
1.42234258618e+12	2	0	0	15.6518655561
1.4223428869e+12	2	0	0	15.8405239693
1.42234318762e+12	2	0	0	16.3662452339
1.42234348835e+12	2	0	0	16.4692933035
1.42234378907e+12	2	0	0	15.62470705
1.4223440898e+12	2	0	0	15.2654162972
1.42234439052e+12	2	0	0	15.5002629951
1.42234469125e+12	2	0	0	15.5160889728
1.42234499197e+12	2	0	0	15.3835978886
1.4223452927e+12	2	0	0	15.3932476453
1.42234559343e+12	2	0	0	16.0065558234
1.42234589415e+12	2	0	0	16.4925769897
1.42234619489e+12	2	0	0	16.1785697701
1.42234649561e+12	2	0	0	16.630746078
1.42234679634e+12	2	0	0	16.3827947832
1.42234709706e+12	2	0	0	16.105361764
1.42234739779e+12	2	0	0	16.0549982077
1.42234769851e+12	2	0	0	15.3837733477
1.42234799924e+12	2	0	0	15.6943376038
1.42234829996e+12	2	0	0	16.3097749301
1.42234860069e+12	2	0	0	16.4815702503
1.42234890141e+12	2	0	0	16.8730786544
1.42234920213e+12	2	0	0	16.910604756
1.42234950286e+12	2	0	0	16.9868150865
1.42234980358e+12	2	0	0	17.0724495313
1.4223501043e+12	2	0	0	17.491757061
1.42235040503e+12	2	0	0	17.4149130756
1.42235070575e+12	2	0	0	17.7236796949
1.42235100648e+12	2	0	0	17.8034065437
1.4223513072e+12	2	0	0	17.9002905691
1.42235160793e+12	2	0	0	18.0416142797
1.42235190866e+12	2	0	0	18.1918458158
1.42235220939e+12	2	0	0	17.3724268304
1.42235251012e+12	2	0	0	16.3066363898
1.42235281085e+12	2	0	0	16.1453700364
1.42235311158e+12	2	0	0	15.6094841095
1.42235341231e+12	2	0	0	16.2353310664
1.42235371304e+12	2	0	0	17.0497447849
1.42235401377e+12	2	0	0	16.8509671866
1.42235431449e+12	2	0	0	16.0107377284
1.42235461522e+12	2	0	0	15.5484899904
1.42235491594e+12	2	0	0	15.3389380886
1.42235521667e+12	2	0	0	15.4109037201
1.42235551739e+12	2	0	0	16.0692527669
1.42235581812e+12	2	0	0	16.8363098969
1.42235611884e+12	2	0	0	16.9391717289
1.42235641957e+12	2	0	0	16.4759577518
1.42235672029e+12	2	0	0	16.0784082292
1.42235702101e+12	2	0	0	15.5710484881
1.42235732174e+12	2	0	0	15.7275319389
1.42235762246e+12	2	0	0	15.6371229857
1.42235792318e+12	2	0	0	15.6748220208
1.42235822391e+12	2	0	0	15.6629017878
1.42235852463e+12	2	0	0	15.7031917996
1.42235882536e+12	2	0	0	15.6201480726
1.42235912608e+12	2	0	0	15.1906612323
1.42235942681e+12	2	0	0	15.3477289765
1.42235972753e+12	2	0	0	15.935300567
1.42236002826e+12	2	0	0	16.1923724528
1.42236032899e+12	2	0	0	15.6510751517
1.42236062971e+12	2	0	0	15.9814285214
1.42236093043e+12	2	0	0	16.4443593247
1.42236123116e+12	2	0	0	16.521306291
1.42236153188e+12	2	0	0	15.9460629495
1.42236183261e+12	2	0	0	16.1865387238
1.42236213333e+12	2	0	0	16.3340794491
1.42236243406e+12	2	0	0	16.2583414004
1.42236273478e+12	2	0	0	16.4663688087
1.4223630355e+12	2	0	0	15.780723612
1.42236333623e+12	2	0	0	16.3543329281
1.42236363695e+12	2	0	0	16.1273791783
1.42236393768e+12	2	0	0	16.1561682403
1.4223642384e+12	2	0	0	16.6034676604
1.42236453912e+12	2	0	0	17.5170128313
1.42236483985e+12	2	0	0	17.2852037307
1.42236514058e+12	2	0	0	16.5834848285
1.4223654413e+12	2	0	0	17.1847045105
1.42236574202e+12	2	0	0	17.6314387445
1.42236604275e+12	2	0	0	17.4111098098
1.42236634347e+12	2	0	0	16.5335049815
1.42236664419e+12	2	0	0	16.5408648767
1.42236694492e+12	2	0	0	16.1118155468
1.42236724565e+12	2	0	0	16.535517892
1.42236754637e+12	2	0	0	16.3382869641
1.42236784709e+12	2	0	0	16.1528535742
1.42236814782e+12	2	0	0	15.5163696706
1.42236844854e+12	2	0	0	15.4709627911
1.42236874927e+12	2	0	0	15.5665325758
1.42236904999e+12	2	0	0	15.7986614194
1.42236935072e+12	2	0	0	16.1741054059
1.42236965145e+12	2	0	0	16.1814013934
1.42236995217e+12	2	0	0	15.9324286092
1.4223702529e+12	2	0	0	16.264219988
1.42237055362e+12	2	0	0	16.7753945706
1.42237085435e+12	2	0	0	15.6905544225
1.42237115507e+12	2	0	0	15.5956816725
1.42237145579e+12	2	0	0	15.3040108224
1.42237175652e+12	2	0	0	15.103075951
1.42237205724e+12	2	0	0	15.3780349638
1.42237235796e+12	2	0	0	16.3076528587
1.42237265869e+12	2	0	0	15.5302416936
1.42237295941e+12	2	0	0	15.0863102004
1.42237326013e+12	2	0	0	15.2719393289
1.42237356086e+12	2	0	0	15.4001099759
1.42237386158e+12	2	0	0	15.1747435607
1.4223741623e+12	2	0	0	15.2549124545
1.42237446303e+12	2	0	0	15.5432623829
1.42237476376e+12	2	0	0	16.015649366
1.42237506448e+12	2	0	0	16.194459105
1.42237536521e+12	2	0	0	16.0292203251
1.42237566593e+12	2	0	0	17.1116414872
1.42237596666e+12	2	0	0	17.3136721185
1.42237626739e+12	2	0	0	17.50300317
1.42237656811e+12	2	0	0	18.9543539064
1.42237686885e+12	2	0	0	19.0920149903
1.42237716957e+12	2	0	0	19.2145193898
1.4223774703e+12	2	0	0	19.6635109353
1.42237777103e+12	2	0	0	19.6058430134
1.42237807175e+12	2	0	0	20.1048600175
1.42237837248e+12	2	0	0	19.0483537295
1.42237867321e+12	2	0	0	18.3535049954
1.42237897393e+12	2	0	0	18.3960071706
1.42237927465e+12	2	0	0	18.3115771069
1.42237957538e+12	2	0	0	19.0037574664
1.4223798761e+12	1	0	17.0	18.4823319402
1.42238017676e+12	1	0	17.0	18.3450814206
1.42238047741e+12	1	0	17.0	18.1856033567
1.42238077807e+12	1	0	17.0	18.6314801091
1.42238107872e+12	1	0	17.0	18.1053518746
1.42238137937e+12	1	0	17.0	18.288392896
1.42238168003e+12	1	0	17.0	18.5121192862
1.42238198069e+12	1	0	17.0	18.4601124707
1.42238228135e+12	1	0	17.0	18.0642121615
1.42238258201e+12	1	0	17.0	17.7525740423
1.42238288268e+12	1	0	17.0	16.618249828
1.42238318334e+12	1	1	17.0	16.2265961566
1.42238348399e+12	1	1	17.0	16.6328065483
1.42238378464e+12	1	1	17.0	16.9565497261
1.4223840853e+12	1	1	17.0	16.7549771183
1.42238438596e+12	1	1	17.0	17.4243570283
1.42238468661e+12	1	1	17.0	16.995514707
1.42238498726e+12	1	1	17.0	16.7429313869
1.42238528791e+12	1	1	17.0	16.9974774857
1.42238558857e+12	1	1	17.0	17.6750348468
1.42238588923e+12	1	0	17.0	17.9773295296
1.42238618989e+12	1	0	17.0	17.9307276668
1.42238649054e+12	1	0	17.0	17.4847446458
1.42238679119e+12	1	0	17.0	16.989327825
1.42238709185e+12	1	0	17.0	17.0368813785
1.4223873925e+12	1	0	17.0	16.1532651689
1.42238769315e+12	1	0	17.0	16.4943821773
1.4223879938e+12	1	0	17.0	16.5059581287
1.42238829445e+12	1	0	17.0	17.3465811831
1.4223885951e+12	1	0	17.0	17.5081136973
1.42238889575e+12	1	0	17.0	16.6092875845
1.42238919641e+12	1	0	17.0	16.1888446728
1.42238949706e+12	1	1	17.0	15.6050483297
1.42238979772e+12	1	1	17.0	15.3713933328
1.42239009837e+12	1	1	17.0	16.0081375752
1.42239039903e+12	1	1	17.0	16.2600961033
1.42239069968e+12	1	1	17.0	15.9181761651
1.42239100033e+12	1	1	17.0	15.9897084195
1.42239130099e+12	1	1	17.0	15.8176515828
1.42239160164e+12	1	1	17.0	16.2540672457
1.4223919023e+12	1	1	17.0	16.6977941005
1.42239220295e+12	1	1	17.0	16.0637649464
1.42239250361e+12	1	1	17.0	15.5690352728
1.42239280426e+12	1	1	17.0	15.3960163825
1.42239310491e+12	1	1	17.0	16.1383507731
1.42239340558e+12	1	1	17.0	15.7847401052
1.42239370623e+12	1	1	17.0	15.7623530109
1.42239400688e+12	1	1	17.0	15.1579622193
1.42239430754e+12	1	1	17.0	15.2213423849
1.4223946082e+12	1	1	17.0	15.1448783851
1.42239490886e+12	1	1	17.0	15.3144475875
1.42239520951e+12	1	1	17.0	16.6349685909
1.42239551017e+12	1	1	17.0	16.6812210914
1.42239581083e+12	1	1	17.0	16.1021358598
1.42239611148e+12	1	1	17.0	16.2385748497
1.42239641214e+12	1	1	17.0	16.3629239687
1.4223967128e+12	1	1	17.0	15.8246730301
1.42239701346e+12	1	1	17.0	15.6490263244
1.42239731413e+12	1	1	17.0	16.0654548094
1.42239761479e+12	1	1	17.0	16.1051849693
1.42239791547e+12	1	1	17.0	16.1746333672
1.42239821619e+12	1	1	17.0	15.3960620487
1.4223985169e+12	1	1	17.0	15.4540234484
1.42239881762e+12	1	1	17.0	15.1338250645
1.42239911834e+12	1	1	17.0	15.2148849065
1.42239941905e+12	1	1	17.0	16.0061018318
1.42239971977e+12	1	1	17.0	15.7191429323
1.42240002048e+12	1	1	17.0	15.0822921381
1.4224003212e+12	1	1	17.0	15.2005153208
1.42240062193e+12	1	1	17.0	15.1840411442
1.42240092267e+12	1	1	17.0	16.1054564232
1.42240122338e+12	1	1	17.0	15.8843819585
1.42240152409e+12	1	1	17.0	16.9126435941
1.42240182481e+12	1	1	17.0	16.5921542026
1.42240212552e+12	1	1	17.0	16.4128252909
1.42240242624e+12	1	1	17.0	16.7247433321
1.42240272695e+12	1	1	17.0	17.1620735416
1.42240302767e+12	1	1	17.0	17.0047235767
1.42240332838e+12	1	1	17.0	16.9278212688
1.42240362909e+12	1	1	17.0	16.68091396
1.4224039298e+12	1	1	17.0	16.1042652254
1.42240423051e+12	1	1	17.0	16.8322052842
1.42240453123e+12	1	1	17.0	17.179637559
1.42240483193e+12	1	1	17.0	17.0498089923
1.42240513265e+12	1	1	17.0	16.7270850731
1.42240543336e+12	1	1	17.0	16.6113024732
1.42240573407e+12	1	1	17.0	16.6997583066
1.42240603478e+12	1	1	17.0	16.8911310993
1.4224063355e+12	1	1	17.0	17.6534258214
1.42240663621e+12	1	0	17.0	17.4395927852
1.42240693692e+12	1	0	17.0	17.4001680301
1.42240723764e+12	1	0	17.0	16.3264402938
1.42240753835e+12	1	0	17.0	16.8229685882
1.42240783906e+12	1	0	17.0	17.053877886
1.42240813977e+12	1	0	17.0	16.560580589
1.42240844048e+12	1	0	17.0	16.6351985328
1.42240874119e+12	1	0	17.0	17.3829685441
1.42240904191e+12	1	0	17.0	17.6111962605
1.42240934262e+12	1	0	17.0	17.6163012863
1.42240964333e+12	1	0	17.0	17.7448647241
1.42240994405e+12	1	0	17.0	18.654780927
1.42241024476e+12	1	0	17.0	18.8762550245
1.42241054547e+12	1	0	17.0	19.4056811124
1.42241084619e+12	1	0	17.0	19.1753817702
1.4224111469e+12	1	0	17.0	19.9213548509
1.42241144761e+12	1	0	17.0	19.8945850206
1.42241174832e+12	1	0	17.0	18.0734269077
1.42241204904e+12	1	0	17.0	17.8196008622
1.42241234975e+12	1	0	17.0	17.7681301198
1.42241265046e+12	1	0	17.0	18.3418488739
1.42241295118e+12	1	0	17.0	18.6472160001
1.42241325189e+12	1	0	17.0	18.6872707482
1.4224135526e+12	1	0	17.0	18.7460415265
1.42241385332e+12	1	0	17.0	19.2026500003
1.42241415403e+12	1	0	17.0	19.8346495915
1.42241445474e+12	1	0	17.0	20.0470935721
1.42241475546e+12	1	0	17.0	20.2092082243
1.42241505618e+12	1	0	17.0	20.5823897666
1.42241535689e+12	1	0	17.0	19.9247613608
1.4224156576e+12	1	0	17.0	19.3337248301
1.42241595831e+12	1	0	17.0	19.5387065552
1.42241625903e+12	1	0	17.0	20.4285819403
1.42241655974e+12	1	0	17.0	21.2498003169
1.42241686046e+12	1	0	17.0	21.0331296535
1.42241716117e+12	1	0	17.0	20.8734637408
1.42241746189e+12	1	0	17.0	20.7440891878
1.4224177626e+12	1	0	17.0	20.53713306
1.42241806332e+12	1	0	17.0	20.8600335733
1.42241836403e+12	1	0	17.0	20.6290072928
1.42241866476e+12	1	0	17.0	21.0593203348
1.42241896548e+12	1	0	17.0	21.0843066728
1.4224192662e+12	1	0	17.0	20.5458315139
1.42241956692e+12	1	0	17.0	20.1246537658
1.42241986764e+12	1	0	17.0	20.4811417671
1.42242016835e+12	1	0	17.0	19.3763490626
1.42242046907e+12	1	0	17.0	19.0529106879
1.42242076978e+12	1	0	17.0	18.1940270023
1.4224210705e+12	1	0	17.0	18.7733922978
1.42242137121e+12	1	0	17.0	19.1787450883
1.42242167192e+12	1	0	17.0	18.4078582645
1.42242197264e+12	1	0	17.0	18.3892777258
1.42242227335e+12	1	0	17.0	17.8860981952
1.42242257407e+12	1	0	17.0	17.636205959
1.42242287478e+12	1	0	17.0	17.4746206828
1.42242317549e+12	1	0	17.0	18.4457475486
1.42242347621e+12	1	0	17.0	18.3340770196
1.42242377692e+12	1	0	17.0	18.5356884067
1.42242407764e+12	1	0	17.0	19.2456953205
1.42242437835e+12	1	0	17.0	19.3178234232
1.42242467906e+12	1	0	17.0	19.330719985
1.42242497978e+12	1	0	17.0	20.0504716627
1.42242528049e+12	1	0	17.0	20.41636181
1.42242558121e+12	1	0	17.0	20.8923300351
1.42242588192e+12	1	0	17.0	20.4108489818
1.42242618263e+12	1	0	17.0	21.5660675303
1.42242648335e+12	1	0	17.0	21.856416063
1.42242678406e+12	1	0	17.0	22.2157938615
1.42242708477e+12	1	0	17.0	22.138781419
1.42242738549e+12	1	0	17.0	22.5351751315
1.4224276862e+12	1	0	17.0	22.2254659698
1.42242798692e+12	1	0	17.0	21.6486301029
1.42242828764e+12	1	0	17.0	21.3078334723
1.42242858835e+12	1	0	17.0	20.9994667003
1.42242888906e+12	1	0	17.0	21.0405144631
1.42242918977e+12	1	0	17.0	21.4478928582
1.42242949049e+12	1	0	17.0	22.1725230576
1.4224297912e+12	1	0	17.0	21.9939615127
1.42243009191e+12	1	0	17.0	21.8399951295
1.42243039263e+12	1	0	17.0	21.6045115032
1.42243069334e+12	1	0	17.0	21.4055901417
1.42243099406e+12	1	0	17.0	21.411188395
1.42243129477e+12	1	0	17.0	21.8787524497
1.4224315955e+12	1	0	17.0	22.3074632241
1.42243189622e+12	1	0	17.0	22.2606001063
1.42243219694e+12	1	0	17.0	22.3257176119
1.42243249766e+12	1	0	17.0	22.2536024314
1.42243279837e+12	1	0	17.0	22.0308522408
1.4224330991e+12	1	0	17.0	21.6718558516
1.42243339982e+12	1	0	17.0	21.6276864384
1.42243370056e+12	1	0	17.0	21.6163766822
1.4224340013e+12	1	0	17.0	21.4314278508
1.42243430203e+12	1	0	17.0	21.8406340044
1.42243460275e+12	1	0	17.0	22.534171941
1.42243490349e+12	1	0	17.0	21.8278003301
1.42243520423e+12	1	0	17.0	22.0749887414
1.42243550496e+12	1	0	17.0	21.8002788785
1.42243580568e+12	1	0	17.0	21.0165269279
1.4224361064e+12	1	0	17.0	20.4537652859
1.42243640712e+12	1	0	17.0	20.4365655747
1.42243670785e+12	1	0	17.0	20.2879241374
1.42243700857e+12	1	0	17.0	20.0559407926
1.42243730929e+12	1	0	17.0	19.8112325815
1.42243761002e+12	1	0	17.0	20.6493395568
1.42243791074e+12	1	0	17.0	21.1042109295
1.42243821146e+12	1	0	17.0	21.623044062
1.42243851218e+12	1	0	17.0	22.2823225544
1.42243881291e+12	1	0	17.0	21.3543618204
1.42243911363e+12	1	0	17.0	20.7026696955
1.42243941436e+12	1	0	17.0	20.2234298546
1.42243971508e+12	1	0	17.0	19.9423590956
1.4224400158e+12	1	0	17.0	20.2983376916
1.42244031652e+12	1	0	17.0	20.2195072176
1.42244061724e+12	1	0	17.0	20.1003593252
1.42244091797e+12	1	0	17.0	20.5248161087
1.42244121869e+12	1	0	17.0	21.2711027828
1.42244151941e+12	1	0	17.0	22.2236797002
1.42244182013e+12	1	0	17.0	21.1580007346
1.42244212085e+12	1	0	17.0	21.4358478833
1.42244242158e+12	1	0	17.0	21.2643636038
1.4224427223e+12	1	0	17.0	21.8694805915
1.42244302302e+12	1	0	17.0	21.3725864185
1.42244332374e+12	1	0	17.0	21.1792467178
1.42244362447e+12	1	0	17.0	22.4823677079
1.42244392519e+12	1	0	17.0	22.4857125569
1.42244422591e+12	1	0	17.0	22.157745157
1.42244452663e+12	1	0	17.0	22.4645146282
1.42244482735e+12	1	0	17.0	22.5214336734
1.42244512807e+12	1	0	17.0	21.5617374792
1.4224454288e+12	1	0	17.0	21.7356253435
1.42244572952e+12	1	0	17.0	22.0816900108
1.42244603025e+12	1	0	17.0	22.3177891119
1.42244633097e+12	1	0	17.0	21.5516086537
1.42244663169e+12	1	0	17.0	22.0674511587
1.42244693242e+12	1	0	17.0	23.1123883995
1.42244723314e+12	1	0	17.0	22.4923967395
1.42244753386e+12	1	0	17.0	22.7150401218
1.42244783458e+12	1	0	17.0	22.1365536342
1.4224481353e+12	1	0	17.0	22.2550196102
1.42244843602e+12	1	0	17.0	21.1489257578
1.42244873675e+12	1	0	17.0	21.1731486248
1.42244903747e+12	1	0	17.0	20.6110339967
1.42244933819e+12	1	0	17.0	20.8804465791
1.42244963891e+12	1	0	17.0	20.732939516
1.42244993963e+12	1	0	17.0	19.6934070124
1.42245024036e+12	1	0	17.0	19.4430668677
1.42245054108e+12	1	0	17.0	20.2125090268
1.4224508418e+12	1	0	17.0	19.8796166688
1.42245114252e+12	1	0	17.0	19.7972882413
1.42245144325e+12	1	0	17.0	19.5051486583
1.42245174397e+12	1	0	17.0	19.2397174618
1.42245204469e+12	1	0	17.0	20.0287724066
1.42245234542e+12	1	0	17.0	19.9018758879
1.42245264614e+12	1	0	17.0	21.0112054417
1.42245294687e+12	1	0	17.0	20.9218102098
1.42245324759e+12	1	0	17.0	19.7138306879
1.42245354831e+12	1	0	17.0	19.7325373479
1.42245384903e+12	1	0	17.0	19.5124463687
1.42245414976e+12	1	0	17.0	19.0602986434
1.42245445048e+12	1	0	17.0	19.4239899349
1.4224547512e+12	1	0	17.0	19.2864173357
1.42245505192e+12	1	0	17.0	19.2282499558
1.42245535264e+12	1	0	17.0	19.0344264637
1.42245565336e+12	1	0	17.0	19.3166879916
1.42245595408e+12	1	0	17.0	18.8716093136
1.42245625481e+12	1	0	17.0	18.6175106082
1.42245655553e+12	1	0	17.0	19.3923019667
1.42245685625e+12	1	0	17.0	20.3510483187
1.42245715697e+12	1	0	17.0	19.6037673947
1.42245745769e+12	1	0	17.0	18.8084143088
1.42245775841e+12	1	0	17.0	19.0717963223
1.42245805913e+12	1	0	17.0	18.980035598
1.42245835986e+12	1	0	17.0	18.8670420971
1.42245866058e+12	1	0	17.0	18.3235980798
1.4224589613e+12	1	0	17.0	17.5986629264
1.42245926202e+12	1	0	17.0	16.9999920473
1.42245956274e+12	1	0	17.0	17.2451346545
1.42245986346e+12	1	0	17.0	17.1171712553
1.42246016418e+12	1	0	17.0	16.9770907778
1.4224604649e+12	1	0	17.0	17.5349441227
1.42246076563e+12	1	0	17.0	17.1927286731
1.42246106634e+12	1	0	17.0	17.4662248963
1.42246136707e+12	1	0	17.0	17.997358635
1.42246166779e+12	1	0	17.0	18.5609392689
1.42246196851e+12	1	0	17.0	18.7227677801
1.42246226924e+12	1	0	17.0	18.7530128819
1.42246256996e+12	1	0	17.0	19.6183810861
1.42246287068e+12	1	0	17.0	20.0308184511
1.4224631714e+12	1	0	17.0	19.7628067455
1.42246347213e+12	1	0	17.0	19.1844263519
1.42246377285e+12	1	0	17.0	19.7403427952
1.42246407357e+12	1	0	17.0	20.5069504272
1.4224643743e+12	1	0	17.0	20.2788434821
1.42246467502e+12	1	0	17.0	20.4889262773
1.42246497574e+12	1	0	17.0	21.1032627878
1.42246527646e+12	1	0	17.0	21.0196784723
1.42246557719e+12	1	0	17.0	22.0658374904
1.42246587791e+12	1	0	17.0	21.5851609665
1.42246617863e+12	1	0	17.0	21.4134565965
1.4224664793e+12	1	0	17.0	21.2466823297
1.42246677996e+12	1	0	17.0	21.0936231305
1.42246708063e+12	1	0	17.0	20.1572591906
1.42246738129e+12	1	0	17.0	19.3149929716
1.42246768195e+12	1	0	17.0	17.8195781376
1.42246798261e+12	1	0	17.0	18.4441483168
1.42246828328e+12	1	0	17.0	18.3043275067
1.42246858394e+12	1	0	17.0	17.8759641152
1.4224688846e+12	1	0	17.0	18.2326908988
1.42246918527e+12	1	0	17.0	18.9618462885
1.42246948593e+12	1	0	17.0	19.464399791
1.42246978659e+12	1	0	17.0	19.170210924
1.42247008726e+12	1	0	17.0	19.1744019048
1.42247038792e+12	1	0	17.0	19.2455106743
1.42247068859e+12	1	0	17.0	19.0882313736
1.42247098925e+12	1	0	17.0	19.5656083159
1.42247128992e+12	1	0	17.0	20.4651021121
1.42247159059e+12	1	0	17.0	20.1225260884
1.42247189125e+12	1	0	17.0	20.161448642
1.42247219191e+12	1	0	17.0	20.3354974801
1.42247249258e+12	1	0	17.0	20.5460571409
1.42247279324e+12	1	0	17.0	20.3033304868
1.4224730939e+12	1	0	17.0	20.5447898277
1.42247339457e+12	1	0	17.0	20.6826438791
1.42247369523e+12	1	0	17.0	20.4962126912
1.4224739959e+12	1	0	17.0	20.6405111092
1.42247429656e+12	1	0	17.0	21.1193018307
1.42247459722e+12	1	0	17.0	21.6732323089
1.42247489789e+12	1	0	17.0	21.7463000443
1.42247519855e+12	1	0	17.0	21.6032564822
1.42247549922e+12	1	0	17.0	21.0229940955
1.42247579988e+12	1	0	17.0	20.2698752287
1.42247610054e+12	1	0	17.0	20.9672091461
1.42247640121e+12	1	0	17.0	20.7546342293
1.42247670187e+12	1	0	17.0	20.9746588455
1.42247700253e+12	1	0	17.0	20.2298253672
1.42247730319e+12	1	0	17.0	20.3422805937
1.42247760386e+12	1	0	17.0	19.7698862356
1.42247790452e+12	1	0	17.0	20.5535820084
1.42247820519e+12	1	0	17.0	20.6677986323
1.42247850585e+12	1	0	17.0	20.5651665111
1.42247880652e+12	1	0	17.0	19.9246483981
1.42247910719e+12	1	0	17.0	19.4667360173
1.42247940786e+12	1	0	17.0	20.24734887
1.42247970852e+12	1	0	17.0	20.8411025157
1.4224800092e+12	1	0	16.0	20.6466652098
1.42248030986e+12	1	0	16.0	20.6438042711
1.42248061053e+12	1	0	16.0	20.4005711386
1.42248091119e+12	1	0	16.0	20.3439198654
1.42248121185e+12	1	0	16.0	19.8315044788
1.42248151252e+12	1	0	16.0	19.6400611816
1.42248181318e+12	1	0	16.0	19.2385346061
1.42248211385e+12	1	0	16.0	19.6501024264
1.42248241451e+12	1	0	16.0	19.6517636542
1.42248271518e+12	1	0	16.0	19.3155678274
1.42248301585e+12	1	0	16.0	18.8371917123
1.42248331652e+12	1	0	16.0	18.6321319841
1.42248361718e+12	1	0	16.0	18.606888639
1.42248391785e+12	1	0	16.0	18.0462351701
1.42248421851e+12	1	0	16.0	19.2237691731
1.42248451923e+12	1	0	16.0	18.5958473976
1.42248481996e+12	1	0	16.0	17.7940671655
1.42248512068e+12	1	0	16.0	17.4359576284
1.4224854214e+12	1	0	16.0	17.1640375752
1.42248572213e+12	1	0	16.0	17.8043976525
1.42248602286e+12	1	0	16.0	17.7488188935
1.42248632358e+12	1	0	16.0	17.8125465289
1.4224866243e+12	1	0	16.0	17.8668239291
1.42248692503e+12	1	0	16.0	18.238789009
1.42248722575e+12	1	0	16.0	18.0084414871
1.42248752648e+12	1	0	15.0	17.8580368972
1.4224878272e+12	1	0	15.0	17.5686127588
1.42248812793e+12	1	0	15.0	17.697929654
1.42248842865e+12	1	0	15.0	18.3818137044
1.42248872937e+12	1	0	15.0	18.8430185588
1.4224890301e+12	1	0	15.0	19.3933377468
1.42248933082e+12	1	0	15.0	18.3164560162
1.42248963154e+12	1	0	15.0	18.7394915236
1.42248993227e+12	1	0	15.0	19.1848430476
1.42249023299e+12	1	0	15.0	19.1160340473
1.42249053371e+12	1	0	15.0	19.0055643889
1.42249083443e+12	1	0	15.0	18.7741990898
1.42249113516e+12	1	0	15.0	17.9650058761
1.42249143588e+12	1	0	15.0	17.6609286496
1.4224917366e+12	1	0	15.0	17.6114440144
1.42249203732e+12	1	0	15.0	16.7587450351
1.42249233805e+12	1	0	15.0	16.2609865343
1.42249263877e+12	1	0	15.0	16.2179022352
1.42249293949e+12	1	0	15.0	16.3429949843
1.42249324021e+12	1	0	15.0	16.5964465201
1.42249354093e+12	1	0	15.0	17.1592359246
1.42249384165e+12	1	0	15.0	16.7963092184
1.42249414238e+12	1	0	15.0	17.2783719098
1.42249444311e+12	1	0	15.0	17.3474833259
1.42249474383e+12	1	0	15.0	16.5471023303
1.42249504456e+12	1	0	15.0	15.9022838236
1.42249534528e+12	1	0	15.0	16.2435308123
1.422495646e+12	1	0	15.0	16.0548576065
1.42249594673e+12	1	0	15.0	16.4459327709
1.42249624745e+12	1	0	15.0	16.1123400845
1.42249654817e+12	1	0	15.0	15.4857441269
1.42249684889e+12	1	0	15.0	15.2298141529
1.42249714961e+12	1	0	15.0	15.1207054292
1.42249745033e+12	1	0	15.0	15.0721672961
1.42249775105e+12	1	0	15.0	15.0539083261
1.42249805177e+12	1	0	15.0	15.5414521354
1.42249835249e+12	1	0	15.0	15.4934758527
1.42249865321e+12	1	0	15.0	15.7901892817
1.42249895393e+12	1	0	15.0	17.0508552992
1.42249925465e+12	1	0	15.0	17.1537384281
1.42249955538e+12	1	0	15.0	16.3283561212
1.4224998561e+12	1	0	15.0	16.5486779396
1.42250015682e+12	1	0	15.0	15.6223084116
1.42250045754e+12	1	0	15.0	15.624194657
1.42250075826e+12	1	0	15.0	15.3491089345
1.42250105898e+12	1	0	15.0	16.0349312412
1.4225013597e+12	1	0	15.0	15.7876029607
1.42250166042e+12	1	0	15.0	15.4663695715
1.42250196114e+12	1	0	15.0	15.0591850914
1.42250226186e+12	1	0	15.0	15.7158795602
1.42250256258e+12	1	0	15.0	15.2529877241
1.4225028633e+12	1	0	15.0	15.1437448038
1.42250316403e+12	1	0	15.0	15.2064885891
1.42250346475e+12	1	0	15.0	15.2638854888
1.42250376546e+12	1	0	15.0	15.0434609548
1.42250406618e+12	1	0	15.0	15.310128589
1.4225043669e+12	1	0	15.0	16.2927351742
1.42250466762e+12	1	0	15.0	17.4083566786
1.42250496834e+12	1	0	15.0	17.1317471346
1.42250526907e+12	1	0	15.0	17.6750499626
1.42250556979e+12	1	0	15.0	16.6937727801
1.42250587051e+12	1	0	15.0	16.6124585502
1.42250617123e+12	1	0	15.0	16.2061030214
1.42250647196e+12	1	0	15.0	16.142289191
1.42250677268e+12	1	0	15.0	15.896334185
1.4225070734e+12	1	0	15.0	15.7348361161
1.42250737412e+12	1	0	15.0	16.2178244434
1.42250767484e+12	1	0	15.0	16.25597939
1.42250797556e+12	1	0	15.0	15.7856645779
1.42250827628e+12	1	0	15.0	16.0328542591
1.422508577e+12	1	0	15.0	15.4857184062
1.42250887772e+12	1	0	15.0	15.1624429752
1.42250917844e+12	1	0	15.0	15.2605255723
1.42250947916e+12	1	0	15.0	15.3391716376
1.42250977988e+12	1	0	15.0	15.5516166565
1.4225100806e+12	1	0	15.0	15.9487439609
1.42251038132e+12	1	0	15.0	16.949364008
1.42251068205e+12	1	0	15.0	16.6846425331
1.42251098277e+12	1	0	15.0	16.2111645353
1.42251128349e+12	1	0	15.0	16.1323698527
1.42251158422e+12	1	0	15.0	17.0906232126
1.42251188494e+12	1	0	15.0	16.7164375816
1.42251218566e+12	1	0	15.0	17.6633248662
1.42251248638e+12	1	0	15.0	17.5419015705
1.42251278711e+12	1	0	15.0	17.1641499471
1.42251308783e+12	1	0	15.0	17.1915614838
1.42251338855e+12	1	0	15.0	17.3708360888
1.42251368927e+12	1	0	15.0	17.6073348739
1.42251399e+12	1	0	15.0	16.9941471614
1.42251429071e+12	1	0	15.0	16.1997026344
1.42251459144e+12	1	0	15.0	16.2951879641
1.42251489216e+12	1	0	15.0	16.5408869632
1.42251519288e+12	1	0	15.0	17.6458114028
1.4225154936e+12	1	0	15.0	16.9683354193
1.42251579432e+12	1	0	15.0	16.7538516173
1.42251609504e+12	1	0	15.0	16.8847969483
1.42251639576e+12	1	0	15.0	18.0477592691
1.42251669649e+12	1	0	15.0	17.6564993748
1.42251699721e+12	1	0	15.0	17.1882197826
1.42251729793e+12	1	0	15.0	17.4041403059
1.42251759866e+12	1	0	15.0	17.0606957978
1.42251789938e+12	1	0	15.0	16.9611610284
1.4225182001e+12	1	0	15.0	17.407362225
1.42251850082e+12	1	0	15.0	17.0980295202
1.42251880155e+12	1	0	15.0	17.1541067016
1.42251910227e+12	1	0	15.0	17.0063922821
1.42251940299e+12	1	0	15.0	17.1378087966
1.42251970372e+12	1	0	15.0	16.4071061357
1.42252000445e+12	1	0	15.0	16.7793959584
1.42252030517e+12	1	0	15.0	16.4487270068
1.4225206059e+12	1	0	15.0	16.212163284
1.42252090662e+12	1	0	15.0	16.1687826011
1.42252120735e+12	1	0	15.0	16.1179103439
1.42252150807e+12	1	0	15.0	15.9753618066
1.4225218088e+12	1	0	15.0	15.6518215945
1.42252210952e+12	1	0	15.0	16.5754403864
1.42252241024e+12	1	0	15.0	16.9075866487
1.42252271096e+12	1	0	15.0	17.1278749214
1.42252301168e+12	1	0	15.0	17.2825559116
1.4225233124e+12	1	0	15.0	16.9833572386
1.42252361313e+12	1	0	15.0	17.7720554461
1.42252391385e+12	1	0	15.0	17.6802210542
1.42252421457e+12	1	0	15.0	17.6109465223
1.4225245153e+12	1	0	15.0	17.5067782038
1.42252481602e+12	1	0	15.0	18.2055160286
1.42252511674e+12	1	0	15.0	18.5734984963
1.42252541746e+12	1	0	15.0	18.4630666006
1.42252571819e+12	1	0	15.0	18.6499208155
1.42252601891e+12	1	0	15.0	18.5431566444
1.42252631963e+12	1	0	15.0	18.6520485139
1.42252662035e+12	1	0	15.0	18.8669065201
1.42252692107e+12	1	0	15.0	19.6177278499
1.4225272218e+12	1	0	15.0	19.9880326751
1.42252752252e+12	1	0	15.0	19.7660155808
1.42252782324e+12	1	0	15.0	19.3493280014
1.42252812397e+12	1	0	15.0	18.6571889859
1.42252842469e+12	1	0	15.0	18.2932558575
1.42252872541e+12	1	0	15.0	18.7854416707
1.42252902613e+12	1	0	15.0	18.5086977099
1.42252932685e+12	1	0	15.0	17.901618289
1.42252962758e+12	1	0	15.0	18.5579993959
1.4225299283e+12	1	0	15.0	17.5553316198
1.42253022902e+12	1	0	15.0	18.0113092565
1.42253052975e+12	1	0	15.0	17.9436450254
1.42253083047e+12	1	0	15.0	17.9247028808
1.42253113119e+12	1	0	15.0	18.3284664888
1.42253143192e+12	1	0	15.0	17.9411875498
1.42253173264e+12	1	0	15.0	17.6499992401
1.42253203337e+12	1	0	15.0	18.042551585
1.42253233409e+12	1	0	15.0	18.1595577934
1.42253263481e+12	1	0	15.0	18.5632440914
1.42253293553e+12	1	0	15.0	18.5904516393
1.42253323625e+12	1	0	15.0	18.5949240651
1.42253353697e+12	1	0	15.0	18.941567481
1.4225338377e+12	1	0	15.0	19.7362988464
1.42253413842e+12	1	0	15.0	20.3495280336
1.42253443914e+12	1	0	15.0	19.5960797247
1.42253473986e+12	1	0	15.0	20.7173036922
1.42253504059e+12	1	0	15.0	20.6351290541
1.42253534131e+12	1	0	15.0	20.1437261838
1.42253564203e+12	1	0	15.0	20.6702398793
1.42253594276e+12	1	0	15.0	20.0854751438
1.42253624348e+12	1	0	15.0	20.2454086227
1.42253654421e+12	1	0	15.0	20.2131622222
1.42253684493e+12	1	0	15.0	20.4409569624
1.42253714565e+12	1	0	15.0	20.5171526837
1.42253744637e+12	1	0	15.0	20.9476219292
1.42253774709e+12	1	0	15.0	20.001474898
1.42253804781e+12	1	0	15.0	19.4032751233
1.42253834854e+12	1	0	15.0	19.4470418966
1.42253864926e+12	1	0	15.0	19.5397063932
1.42253894998e+12	1	0	15.0	19.4303007549
1.4225392507e+12	1	0	15.0	18.8751060343
1.42253955142e+12	1	0	15.0	18.3936417088
1.42253985215e+12	1	0	15.0	18.0280185437
1.42254015287e+12	1	0	15.0	17.9541097707
1.42254045359e+12	1	0	15.0	17.7399659652
1.42254075431e+12	1	0	15.0	17.7046971641
1.42254105504e+12	1	0	15.0	17.7531844301
1.42254135576e+12	1	0	15.0	18.9247925925
1.42254165648e+12	1	0	15.0	18.8219025551
1.4225419572e+12	1	0	15.0	18.1377365466
1.42254225793e+12	1	0	15.0	17.5553743313
1.42254255865e+12	1	0	15.0	16.9296516889
1.42254285937e+12	1	0	15.0	17.502466258
1.4225431601e+12	1	0	15.0	17.545821149
1.42254346082e+12	1	0	15.0	18.1786137418
1.42254376154e+12	1	0	15.0	18.9925389015
1.42254406226e+12	1	0	15.0	19.2769737747
1.42254436298e+12	1	0	15.0	19.2818464415
1.42254466371e+12	1	0	15.0	19.2787173846
1.42254496444e+12	1	0	15.0	19.3222059855
1.42254526517e+12	1	0	15.0	18.8329783679
1.42254556589e+12	1	0	15.0	18.956213301
1.42254586662e+12	1	0	15.0	18.2320168052
1.42254616735e+12	1	0	15.0	18.4990023635
1.42254646807e+12	1	0	15.0	17.6129090951
1.4225467688e+12	1	0	15.0	17.6914898749
1.42254706952e+12	1	0	15.0	16.8203430643
1.42254737024e+12	1	0	15.0	17.2793958972
1.42254767097e+12	1	0	15.0	17.6856358624
1.42254797169e+12	1	0	15.0	17.9902121399
1.42254827241e+12	1	0	15.0	18.5010171623
1.42254857313e+12	1	0	15.0	18.4341502704
1.42254887385e+12	1	0	15.0	18.4236105194
1.42254917457e+12	1	0	15.0	18.0230945021
1.4225494753e+12	1	0	15.0	18.582507649
1.42254977602e+12	1	0	15.0	19.3296950354
1.42255007674e+12	1	0	15.0	20.1920620363
1.42255037746e+12	1	0	15.0	19.6950507353
1.42255067818e+12	1	0	15.0	19.2548605926
1.42255097891e+12	1	0	15.0	18.696605133
1.42255127963e+12	1	0	15.0	20.1396294498
1.42255158035e+12	1	0	15.0	20.3106545679
1.42255188107e+12	1	0	15.0	21.2378091667
1.42255218179e+12	1	0	15.0	21.6234184968
1.42255248252e+12	1	0	15.0	21.9029543893
1.42255278321e+12	1	0	15.0	22.2232133935
1.42255308387e+12	1	0	15.0	21.7877155631
1.42255338454e+12	1	0	15.0	21.5764184119
1.42255368521e+12	1	0	15.0	21.5449453308
1.42255398587e+12	1	0	15.0	21.659516695
1.42255428654e+12	1	0	15.0	21.5385443429
1.4225545872e+12	1	0	15.0	21.9749895472
1.42255488787e+12	1	0	15.0	21.3574502332
1.42255518854e+12	1	0	15.0	20.4484313561
1.42255548921e+12	1	0	15.0	20.880300816
1.42255578987e+12	1	0	15.0	21.0984166747
1.42255609053e+12	1	0	15.0	21.2624861709
1.4225563912e+12	1	0	15.0	21.0928826161
1.42255669187e+12	1	0	15.0	21.0148000699
1.42255699253e+12	1	0	15.0	20.7426556282
1.42255729323e+12	1	0	15.0	21.6985305432
1.42255759389e+12	1	0	15.0	21.2407839798
1.42255789456e+12	1	0	15.0	20.6840085479
1.42255819523e+12	1	0	15.0	20.7810549096
1.42255849589e+12	1	0	15.0	20.3669996494
1.42255879656e+12	1	0	15.0	19.5231069227
1.42255909723e+12	1	0	15.0	20.143538018
1.42255939789e+12	1	0	15.0	21.0327381035
1.42255969856e+12	1	0	15.0	20.8580624222
1.42255999922e+12	1	0	16.0	21.7964922681
1.42256029989e+12	1	0	16.0	21.9448011324
1.42256060056e+12	1	0	16.0	21.3848323883
1.42256090123e+12	1	0	16.0	20.9227350669
1.4225612019e+12	1	0	16.0	20.9177742977
1.42256150257e+12	1	0	16.0	20.7702708983
1.42256180324e+12	1	0	16.0	20.5497157802
1.42256210391e+12	1	0	16.0	19.7105044326
1.42256240458e+12	1	0	16.0	19.7483130269
1.42256270525e+12	1	0	16.0	20.1978155978
1.42256300592e+12	1	0	16.0	20.1463855735
1.42256330659e+12	1	0	16.0	20.0758075018
1.42256360726e+12	1	0	16.0	19.8748883513
1.42256390792e+12	1	0	16.0	19.4770223749
1.4225642086e+12	1	0	16.0	19.5606210705
1.42256450927e+12	1	0	16.0	20.1275373576
1.42256480993e+12	1	0	16.0	19.9475669595
1.42256511061e+12	1	0	16.0	19.9424012257
1.42256541128e+12	1	0	16.0	19.7082343891
1.42256571195e+12	1	0	16.0	19.3251249504
1.42256601262e+12	1	0	16.0	19.5169598659
1.42256631329e+12	1	0	16.0	19.1647329348
1.42256661396e+12	1	0	16.0	18.6921299206
1.42256691463e+12	1	0	16.0	18.6967428488
1.4225672153e+12	1	0	16.0	18.8574546923
1.42256751596e+12	1	0	16.0	17.9690426838
1.42256781664e+12	1	0	17.0	17.5568447724
1.4225681173e+12	1	0	17.0	18.157414253
1.42256841796e+12	1	0	17.0	17.7456798055
1.42256871863e+12	1	0	17.0	17.3069210779
1.42256901929e+12	1	0	17.0	17.0971823482
1.42256931995e+12	1	0	17.0	17.5674304454
1.42256962062e+12	1	0	17.0	18.3478600083
1.42256992128e+12	1	0	17.0	17.6110183139
1.42257022194e+12	1	0	17.0	17.5078720491
1.42257052261e+12	1	0	17.0	16.8385204188
1.42257082332e+12	1	0	17.0	17.396673804
1.42257112404e+12	1	0	17.0	16.9690824326
1.42257142476e+12	1	0	17.0	17.5274113096
1.4225717255e+12	1	0	17.0	17.5369003234
1.42257202623e+12	1	0	17.0	17.6020377769
1.42257232695e+12	1	0	17.0	17.680456048
1.42257262767e+12	1	0	17.0	18.332138918
1.4225729284e+12	1	0	17.0	18.963429288
1.42257322912e+12	1	0	17.0	19.9544676511
1.42257352984e+12	1	0	17.0	19.9880505528
1.42257383057e+12	1	0	17.0	19.3139938176
1.42257413129e+12	1	0	17.0	18.9662083057
1.42257443202e+12	1	0	17.0	18.7362873523
1.42257473274e+12	1	0	17.0	18.8270146038
1.42257503346e+12	1	0	17.0	19.3455347792
1.42257533419e+12	1	0	17.0	20.3299558913
1.42257563492e+12	1	0	17.0	20.6502016622
1.42257593564e+12	1	0	17.0	20.0595665377
1.42257623637e+12	1	0	17.0	20.6468215251
1.42257653709e+12	1	0	17.0	20.9023619899
1.42257683782e+12	1	0	17.0	21.5497976634
1.42257713854e+12	1	0	17.0	20.8602214012
1.42257743927e+12	1	0	17.0	20.7881419708
1.42257773999e+12	1	0	17.0	21.3720345798
1.42257804071e+12	1	0	17.0	22.1514621463
1.42257834143e+12	1	0	17.0	22.0407626924
1.42257864216e+12	1	0	17.0	21.8691627217
1.42257894288e+12	1	0	17.0	22.1094732754
1.42257924361e+12	1	0	17.0	22.4023663527
1.42257954433e+12	1	0	17.0	22.6988914463
1.42257984505e+12	1	0	17.0	22.6940098599
1.42258014577e+12	1	0	17.0	23.0064868218
1.4225804465e+12	1	0	17.0	23.7268435883
1.42258074722e+12	1	0	17.0	23.6809046384
1.42258104795e+12	1	0	17.0	23.8033947345
1.42258134867e+12	1	0	17.0	24.2127946998
1.4225816494e+12	1	0	17.0	24.3503406617
1.42258195012e+12	1	0	17.0	24.60084393
1.42258225085e+12	1	0	17.0	24.3507486537
1.42258255157e+12	1	0	17.0	24.6526053488
1.42258285229e+12	1	0	17.0	23.9816167328
1.42258315302e+12	1	0	17.0	23.5711079631
1.42258345374e+12	1	0	17.0	23.258327157
1.42258375446e+12	1	0	17.0	23.9361173188
1.42258405519e+12	1	0	17.0	23.9365040058
1.42258435591e+12	1	0	17.0	23.5680903167
1.42258465664e+12	1	0	17.0	24.2218618235
1.42258495737e+12	1	0	17.0	24.9625750989
1.42258525813e+12	1	0	17.0	24.9380956067
1.42258555885e+12	1	0	17.0	24.7365685516
1.42258585957e+12	1	0	17.0	24.4083451217
1.4225861603e+12	1	0	17.0	24.9606056542
1.42258646103e+12	1	0	17.0	24.234849708
1.42258676175e+12	1	0	17.0	23.9892707314
1.42258706248e+12	1	0	17.0	24.5859358117
1.4225873632e+12	1	0	17.0	24.676196886
1.42258766393e+12	1	0	17.0	24.034421056
1.42258796465e+12	1	0	17.0	23.2750754555
1.42258826537e+12	1	0	17.0	23.2708764428
1.4225885661e+12	1	0	17.0	22.7841347714
1.42258886682e+12	1	0	17.0	23.1102157934
1.42258916755e+12	1	0	17.0	23.3930570637
1.42258946827e+12	1	0	17.0	23.8140799585
1.42258976899e+12	1	0	17.0	23.7143139007
1.42259006971e+12	1	0	17.0	23.8356615647
1.42259037044e+12	1	0	17.0	23.7039727182
1.42259067117e+12	1	0	17.0	23.2503084551
1.42259097189e+12	1	0	17.0	23.401484531
1.42259127261e+12	1	0	17.0	24.0556261816
1.42259157334e+12	1	0	17.0	23.280925312
1.42259187406e+12	1	0	17.0	22.7110034292
1.42259217478e+12	1	0	17.0	22.3229822036
1.42259247551e+12	1	0	17.0	22.8422693679
1.42259277623e+12	1	0	17.0	23.1110240976
1.42259307695e+12	1	0	17.0	24.1950613019
1.42259337768e+12	1	0	17.0	24.2657921906
1.4225936784e+12	1	0	17.0	23.9898733192
1.42259397912e+12	1	0	17.0	24.3982648406
1.42259427985e+12	1	0	17.0	24.0933677873
1.42259458057e+12	1	0	17.0	24.1417415412
1.4225948813e+12	1	0	17.0	24.4824969407
1.42259518202e+12	1	0	17.0	24.5083659333
1.42259548274e+12	1	0	17.0	24.4179226638
1.42259578347e+12	1	0	17.0	24.6331343053
1.42259608419e+12	1	0	17.0	24.7500469301
1.42259638491e+12	1	0	17.0	24.4383144915
1.42259668564e+12	1	0	17.0	24.0091529068
1.42259698636e+12	1	0	17.0	24.0255144949
1.42259728708e+12	1	0	17.0	23.9517419389
1.4225975878e+12	1	0	17.0	23.9093836458
1.42259788853e+12	1	0	17.0	23.0327683306
1.42259818925e+12	1	0	17.0	22.9052415306
1.42259848997e+12	1	0	17.0	23.0433471201
1.4225987907e+12	1	0	17.0	22.6984176725
1.42259909142e+12	1	0	17.0	21.7089544344
1.42259939214e+12	1	0	17.0	21.3268609384
1.42259969287e+12	1	0	17.0	22.1899848421
1.42259999359e+12	1	0	17.0	22.2222422504
1.42260029431e+12	1	0	17.0	21.4939349803
1.42260059504e+12	1	0	17.0	21.4944053402
1.42260089576e+12	1	0	17.0	21.1872991974
1.42260119648e+12	1	0	17.0	21.5188523818
1.42260149721e+12	1	0	17.0	21.3752605763
1.42260179793e+12	1	0	17.0	20.5890732965
1.42260209865e+12	1	0	17.0	20.6853222616
1.42260239939e+12	1	0	17.0	21.0434114044
1.42260270011e+12	1	0	17.0	21.3269288832
1.42260300083e+12	1	0	17.0	21.0029843291
1.42260330156e+12	1	0	17.0	21.7832925702
1.42260360228e+12	1	0	17.0	22.1402157127
1.422603903e+12	1	0	17.0	21.4490985931
1.42260420372e+12	1	0	17.0	22.0280837675
1.42260450445e+12	1	0	17.0	21.6280388486
1.42260480517e+12	1	0	17.0	20.8485066605
1.42260510589e+12	1	0	17.0	20.9885121991
1.42260540662e+12	1	0	17.0	21.2360709222
1.42260570735e+12	1	0	17.0	21.0312750654
1.42260600807e+12	1	0	17.0	21.1029276346
1.42260630879e+12	1	0	17.0	22.0432860085
1.42260660952e+12	1	0	17.0	21.5518647845
1.42260691024e+12	1	0	17.0	20.9458286842
1.42260721096e+12	1	0	17.0	21.0790689707
1.42260751169e+12	1	0	17.0	21.6613719061
1.42260781241e+12	1	0	17.0	22.075832248
1.42260811314e+12	1	0	17.0	22.0059620402
1.42260841386e+12	1	0	17.0	21.9213712533
1.42260871459e+12	1	0	17.0	22.2306872706
1.42260901532e+12	1	0	17.0	22.1319041449
1.42260931605e+12	1	0	17.0	21.7078276353
1.42260961678e+12	1	0	17.0	21.5107940809
1.42260991751e+12	1	0	17.0	21.0624938521
1.42261021823e+12	1	0	17.0	20.6442781257
1.42261051896e+12	1	0	17.0	21.1376506239
1.42261081968e+12	1	0	17.0	21.6012937564
1.4226111204e+12	1	0	17.0	22.0081050599
1.42261142113e+12	1	0	17.0	21.0817842505
1.42261172185e+12	1	0	17.0	20.7849680772
1.42261202258e+12	1	0	17.0	20.9012603456
1.4226123233e+12	1	0	17.0	21.6357803134
1.42261262402e+12	1	0	17.0	21.7745075802
1.42261292474e+12	1	0	17.0	22.0426519135
1.42261322547e+12	1	0	17.0	22.8544932672
1.42261352619e+12	1	0	17.0	22.9976773821
1.42261382691e+12	1	0	17.0	22.9087505284
1.42261412764e+12	1	0	17.0	22.580126627
1.42261442836e+12	1	0	17.0	22.3041280874
1.42261472909e+12	1	0	17.0	22.7909555703
1.42261502981e+12	1	0	17.0	22.784434469
1.42261533053e+12	1	0	17.0	22.9991880414
1.42261563126e+12	1	0	17.0	23.0268565853
1.42261593198e+12	1	0	17.0	23.0667000367
1.4226162327e+12	1	0	17.0	23.6509329848
1.42261653343e+12	1	0	17.0	23.1879374545
1.42261683415e+12	1	0	17.0	23.4497832087
1.42261713487e+12	1	0	17.0	23.8260333628
1.42261743559e+12	1	0	17.0	23.3073952204
1.42261773632e+12	1	0	17.0	22.9931661925
1.42261803704e+12	1	0	17.0	23.4623465661
1.42261833777e+12	1	0	17.0	23.5454819613
1.42261863849e+12	1	0	17.0	23.7547626808
1.42261893922e+12	1	0	17.0	23.9703668186
1.42261923994e+12	1	0	17.0	23.6920738243
1.42261954066e+12	1	0	17.0	23.3369754901
1.42261984139e+12	1	0	17.0	22.6358675103
1.42262014211e+12	1	0	17.0	21.9820756413
1.42262044284e+12	1	0	17.0	22.7065550665
1.42262074356e+12	1	0	17.0	23.0477293892
1.42262104429e+12	1	0	17.0	22.5742168009
1.42262134501e+12	1	0	17.0	22.3694184236
1.42262164573e+12	1	0	17.0	22.1032923069
1.42262194645e+12	1	0	17.0	21.6825726255
1.42262224718e+12	1	0	17.0	22.1647464429
1.4226225479e+12	1	0	17.0	22.1166285071
1.42262284863e+12	1	0	17.0	22.2580435429
1.42262314935e+12	1	0	17.0	22.004827807
1.42262345007e+12	1	0	17.0	22.8562712429
1.4226237508e+12	1	0	17.0	22.7220560753
1.42262405152e+12	1	0	17.0	23.5316284113
1.42262435224e+12	1	0	17.0	23.5424978135
1.42262465297e+12	1	0	17.0	23.3075365431
1.42262495369e+12	1	0	17.0	22.7843192314
1.42262525441e+12	1	0	17.0	22.9091693813
1.42262555514e+12	1	0	17.0	23.3101885052
1.42262585586e+12	1	0	17.0	23.3372657392
1.42262615658e+12	1	0	17.0	22.5814753114
1.4226264573e+12	1	0	17.0	23.2020861221
1.42262675803e+12	1	0	17.0	23.8991124418
1.42262705875e+12	1	0	17.0	23.7611235697
1.42262735948e+12	1	0	17.0	23.2610360815
1.4226276602e+12	1	0	17.0	22.8588952696
1.42262796092e+12	1	0	17.0	22.6429130334
1.42262826165e+12	1	0	17.0	22.4837743791
1.42262856237e+12	1	0	17.0	22.1343393622
1.42262886309e+12	1	0	17.0	22.234817513
1.42262916382e+12	1	0	17.0	22.1678064874
1.42262946454e+12	1	0	17.0	22.4311358002
1.42262976526e+12	1	0	17.0	21.5921066944
1.42263006599e+12	1	0	17.0	21.7713898834
1.42263036671e+12	1	0	17.0	21.3363342681
1.42263066743e+12	1	0	17.0	20.522486406
1.42263096816e+12	1	0	17.0	20.8627542091
1.42263126889e+12	1	0	17.0	20.9825743045
1.42263156961e+12	1	0	17.0	20.3832153525
1.42263187033e+12	1	0	17.0	20.6491085752
1.42263217106e+12	1	0	17.0	20.3690565541
1.42263247178e+12	1	0	17.0	20.7030790977
1.4226327725e+12	1	0	17.0	20.245535723
1.42263307323e+12	1	0	17.0	19.6009829558
1.42263337396e+12	1	0	17.0	19.3673628493
1.42263367468e+12	1	0	17.0	19.1034493569
1.42263397541e+12	1	0	17.0	18.205711572
1.42263427613e+12	1	0	17.0	17.8153993561
1.42263457686e+12	1	0	17.0	17.4825639949
1.42263487758e+12	1	0	17.0	17.6254238198
1.42263517831e+12	1	0	17.0	17.2408902975
1.42263547903e+12	1	0	17.0	16.7835546442
1.42263577975e+12	1	0	17.0	16.7186303059
1.42263608047e+12	1	0	17.0	16.971992657
1.4226363812e+12	1	0	17.0	17.1751873406
1.42263668192e+12	1	0	17.0	16.7945986839
1.42263698264e+12	1	0	17.0	16.6440647326
1.42263728336e+12	1	0	17.0	16.9840753463
1.42263758408e+12	1	0	17.0	17.2651683924
1.4226378848e+12	1	0	17.0	17.0866448794
1.42263818552e+12	1	0	17.0	17.4443686859
1.42263848625e+12	1	0	17.0	17.9533083889
1.42263878697e+12	1	0	17.0	17.51251111
1.42263908767e+12	1	0	17.0	17.1509055086
1.42263938834e+12	1	0	17.0	17.9511762028
1.422639689e+12	1	0	17.0	18.7050357849
1.42263998967e+12	1	0	17.0	18.6501189366
1.42264029034e+12	1	0	17.0	17.805216986
1.422640591e+12	1	0	17.0	18.2686760089
1.42264089166e+12	1	0	17.0	18.0860703676
1.42264119233e+12	1	0	17.0	17.8418976276
1.422641493e+12	1	0	17.0	17.2674319903
1.42264179366e+12	1	0	17.0	16.47795203
1.42264209432e+12	1	0	17.0	17.0412024314
1.42264239498e+12	1	0	17.0	18.0112115796
1.42264269565e+12	1	0	17.0	18.78331366
1.42264299632e+12	1	0	17.0	19.5857673194
1.42264329698e+12	1	0	17.0	19.0664334443
1.42264359765e+12	1	0	17.0	19.4333681639
1.42264389832e+12	1	0	17.0	19.8054738813
1.42264419898e+12	1	0	17.0	20.1261400176
1.42264449965e+12	1	0	17.0	20.6801038805
1.42264480031e+12	1	0	17.0	20.4797230589
1.42264510098e+12	1	0	17.0	21.4278670406
1.42264540164e+12	1	0	17.0	21.8244051943
1.42264570231e+12	1	0	17.0	21.0472100309
1.42264600298e+12	1	0	17.0	21.1835819372
1.42264630365e+12	1	0	17.0	22.2489919726
1.42264660431e+12	1	0	17.0	22.1134237695
1.42264690498e+12	1	0	17.0	22.5692748009
1.42264720565e+12	1	0	17.0	22.8610397731
1.42264750631e+12	1	0	17.0	22.5198813383
1.42264780698e+12	1	0	17.0	22.7392712594
1.42264810764e+12	1	0	17.0	23.3004077524
1.42264840831e+12	1	0	17.0	23.5610378885
1.42264870897e+12	1	0	17.0	23.5382566176
1.42264900964e+12	1	0	17.0	24.2514463423
1.42264931031e+12	1	0	17.0	23.8876838411
1.42264961098e+12	1	0	17.0	23.6167845571
1.42264991164e+12	1	0	17.0	23.7244696075
1.42265021231e+12	1	0	17.0	23.1587370571
1.42265051298e+12	1	0	17.0	22.405364798
1.42265081364e+12	1	0	17.0	22.0224317361
1.42265111431e+12	1	0	17.0	22.165327563
1.42265141497e+12	1	0	17.0	21.3607588331
1.42265171564e+12	1	0	17.0	21.5797402363
1.4226520163e+12	1	0	17.0	21.7410973783
1.42265231697e+12	1	0	17.0	21.3722475127
1.42265261764e+12	1	0	17.0	21.6778522447
1.42265291831e+12	1	0	17.0	21.2091770377
1.42265321898e+12	1	0	17.0	22.0586745376
1.42265351964e+12	1	0	17.0	21.4804664078
1.42265382031e+12	1	0	17.0	21.1413065452
1.42265412097e+12	1	0	17.0	21.5069166397
1.42265442164e+12	1	0	17.0	20.8234769811
1.42265472231e+12	1	0	17.0	20.6933364767
1.42265502297e+12	1	0	17.0	20.75412453
1.42265532364e+12	1	0	17.0	20.5383052758
1.42265562431e+12	1	0	17.0	20.2604462386
1.42265592497e+12	1	0	17.0	19.7492190039
1.42265622564e+12	1	0	17.0	19.4278947672
1.42265652631e+12	1	0	17.0	19.3838604399
1.42265682697e+12	1	0	17.0	19.4021742615
1.42265712766e+12	1	0	17.0	19.5404298359
1.42265742839e+12	1	0	17.0	19.2286987475
1.42265772911e+12	1	0	17.0	19.9673990607
1.42265802984e+12	1	0	17.0	20.4189444904
1.42265833056e+12	1	0	17.0	19.857251905
1.4226586313e+12	1	0	17.0	19.6322963366
1.42265893202e+12	1	0	17.0	19.7555719289
1.42265923275e+12	1	0	17.0	18.9151489645
1.42265953348e+12	1	0	17.0	18.4703525839
1.42265983421e+12	1	0	17.0	18.7042768773
1.42266013494e+12	1	0	17.0	17.7567996275
1.42266043567e+12	1	0	17.0	17.2400087351
1.4226607364e+12	1	0	17.0	17.8229937089
1.42266103713e+12	1	0	17.0	18.1425605089
1.42266133785e+12	1	0	17.0	18.2869783919
1.42266163858e+12	1	0	17.0	18.4179729901
1.4226619393e+12	1	0	17.0	18.5083488402
1.42266224003e+12	1	0	17.0	18.2546005673
1.42266254075e+12	1	0	17.0	17.8852998862
1.42266284147e+12	1	0	17.0	18.0834978764
1.4226631422e+12	1	0	17.0	17.7367675171
1.42266344292e+12	1	0	17.0	17.5161319183
1.42266374364e+12	1	0	17.0	17.3402820452
1.42266404436e+12	1	0	17.0	16.1811865289
1.42266434509e+12	1	1	17.0	16.3604652569
1.42266464582e+12	1	1	17.0	15.8067056558
1.42266494655e+12	1	1	17.0	15.1179472817
1.42266524728e+12	1	1	17.0	15.0434741669
1.422665548e+12	1	1	17.0	15.5971594536
1.42266584873e+12	1	1	17.0	15.0366412397
1.42266614945e+12	1	1	17.0	15.8811983735
1.42266645017e+12	1	1	17.0	15.031856608
1.4226667509e+12	1	1	17.0	15.2671113031
1.42266705162e+12	1	1	17.0	16.0949827899
1.42266735234e+12	1	1	17.0	15.5251509923
1.42266765307e+12	1	1	17.0	16.2325222773
1.42266795379e+12	1	1	17.0	16.3162307589
1.42266825451e+12	1	1	17.0	16.6818292712
1.42266855523e+12	1	1	17.0	16.6079526462
1.42266885595e+12	1	1	17.0	16.7046398685
1.42266915667e+12	1	1	17.0	16.6311598922
1.42266945739e+12	1	1	17.0	16.8240954834
1.42266975811e+12	1	1	17.0	17.6285923017
1.42267005883e+12	1	0	17.0	17.4607841677
1.42267035955e+12	1	0	17.0	17.2757163266
1.42267066028e+12	1	0	17.0	17.4407887304
1.422670961e+12	1	0	17.0	18.1110280264
1.42267126172e+12	1	0	17.0	18.1805981446
1.42267156244e+12	1	0	17.0	17.9334964588
1.42267186316e+12	1	0	17.0	18.5256802864
1.42267216389e+12	1	0	17.0	19.3267014171
1.42267246462e+12	1	0	17.0	19.9609642947
1.42267276534e+12	1	0	17.0	19.5679151652
1.42267306606e+12	1	0	17.0	20.1536478664
1.42267336678e+12	1	0	17.0	20.8769513295
1.42267366751e+12	1	0	17.0	20.9500039835
1.42267396823e+12	1	0	17.0	21.0844852267
1.42267426897e+12	1	0	17.0	20.4075549805
1.42267456969e+12	1	0	17.0	21.0571388437
1.42267487041e+12	1	0	17.0	20.4710323709
1.42267517114e+12	1	0	17.0	20.0033944254
1.42267547186e+12	1	0	17.0	19.4018814751
1.42267577258e+12	1	0	17.0	20.0617916297
1.4226760733e+12	1	0	17.0	19.2946555643
1.42267637403e+12	1	0	17.0	19.5252140212
1.42267667475e+12	1	0	17.0	19.921682933
1.42267697547e+12	1	0	17.0	20.4343561257
1.4226772762e+12	1	0	17.0	20.2327338166
1.42267757692e+12	1	0	17.0	20.7089111486
1.42267787764e+12	1	0	17.0	20.4062840584
1.42267817837e+12	1	0	17.0	20.8836938888
1.42267847909e+12	1	0	17.0	20.5275340025
1.42267877981e+12	1	0	17.0	19.7332991544
1.42267908053e+12	1	0	17.0	19.6007915441
1.42267938125e+12	1	0	17.0	19.278944813
1.42267968197e+12	1	0	17.0	19.4408499893
1.4226799827e+12	1	0	17.0	20.1841043821
1.42268028342e+12	1	0	17.0	20.2340282198
1.42268058414e+12	1	0	17.0	20.7078283107
1.42268088487e+12	1	0	17.0	21.3506414713
1.42268118559e+12	1	0	17.0	21.2768244697
1.42268148632e+12	1	0	17.0	22.2999962465
1.42268178704e+12	1	0	17.0	22.7673615086
1.42268208777e+12	1	0	17.0	22.8381243622
1.42268238849e+12	1	0	17.0	22.2100865422
1.42268268921e+12	1	0	17.0	22.6140149374
1.42268298994e+12	1	0	17.0	23.0129649059
1.42268329066e+12	1	0	17.0	22.8842365355
1.4226835914e+12	1	0	17.0	22.872899193
1.42268389212e+12	1	0	17.0	21.8891370152
1.42268419285e+12	1	0	17.0	22.5623687662
1.42268449357e+12	1	0	17.0	22.3076193863
1.4226847943e+12	1	0	17.0	21.9603273551
1.42268509502e+12	1	0	17.0	22.3694353967
1.42268539575e+12	1	0	17.0	22.5030711614
1.42268569648e+12	1	0	17.0	22.5278652375
1.4226859972e+12	1	0	17.0	21.7438222932
1.42268629792e+12	1	0	17.0	22.8114311085
1.42268659865e+12	1	0	17.0	22.6385753164
1.42268689937e+12	1	0	17.0	22.3322756788
1.42268720009e+12	1	0	17.0	22.0254621596
1.42268750082e+12	1	0	17.0	22.5136630417
1.42268780154e+12	1	0	17.0	22.4186042663
1.42268810227e+12	1	0	16.0	22.1860053128
1.422688403e+12	1	0	16.0	23.0802212633
1.42268870373e+12	1	0	16.0	22.4328270319
1.42268900446e+12	1	0	16.0	21.5370552151
1.42268930519e+12	1	0	16.0	21.8766475382
1.42268960592e+12	1	0	16.0	22.1682938694
1.42268990664e+12	1	0	16.0	22.2969737177
1.42269020737e+12	1	0	16.0	22.1110910177
1.4226905081e+12	1	0	16.0	21.7613356929
1.42269080882e+12	1	0	16.0	21.6969052286
1.42269110955e+12	1	0	16.0	22.011201632
1.42269141028e+12	1	0	16.0	21.9356243415
1.42269171101e+12	1	0	16.0	21.2516147996
1.42269201174e+12	1	0	16.0	20.3158428895
1.42269231247e+12	1	0	16.0	20.7115472001
1.4226926132e+12	1	0	16.0	20.7499428956
1.42269291393e+12	1	0	16.0	20.7567801114
1.42269321466e+12	1	0	16.0	20.6871258178
1.4226935154e+12	1	1	22.0	21.0166990894
1.42269381612e+12	1	1	22.0	21.8874165622
1.42269411685e+12	1	1	23.0	20.7014019899
1.42269441757e+12	1	1	23.0	20.1735539403
1.42269471829e+12	1	1	23.0	20.5019699253
1.422695019e+12	1	1	23.0	20.8415826401
1.42269531969e+12	1	1	23.0	20.1029983523
1.42269562039e+12	1	1	23.0	20.1841994838
1.42269617427e+12	1	1	23.0	11.625
1.42269647447e+12	1	1	23.0	12.125
1.42269677461e+12	1	1	23.0	12.5
1.42269707474e+12	1	1	23.0	12.75
1.42269737511e+12	1	1	23.0	13.062
1.42269767612e+12	1	1	23.0	13.375
1.42269797791e+12	1	1	23.0	13.437
1.42269827804e+12	1	1	23.0	13.812
1.42269857983e+12	1	1	23.0	13.875
1.42269888017e+12	1	1	23.0	14.062
1.42269918034e+12	1	1	23.0	14.187
1.42269948067e+12	1	1	23.0	14.187
1.42269978092e+12	1	1	23.0	14.187
1.42270008108e+12	1	1	23.0	14.312
1.42270038223e+12	1	1	23.0	14.25
1.42270068318e+12	1	1	23.0	14.312
1.42270098413e+12	1	1	23.0	14.375
1.42270128519e+12	1	1	23.0	14.25
1.42270158545e+12	1	1	23.0	14.187
1.4227018856e+12	1	1	23.0	13.937
1.42270218595e+12	1	1	23.0	13.75
1.42270248617e+12	1	1	23.0	13.75
1.42270278634e+12	1	1	23.0	13.625
1.42270308735e+12	1	1	23.0	13.5
1.42270338825e+12	1	1	23.0	13.5
1.42270368829e+12	1	1	23.0	13.437
1.4227039884e+12	1	1	23.0	13.375
1.42270428855e+12	1	1	23.0	13.437
1.42270458962e+12	1	1	23.0	13.437
1.4227048907e+12	1	1	23.0	13.437
1.42270519093e+12	1	1	23.0	13.625
1.42270549116e+12	1	1	23.0	13.625
1.42270579152e+12	1	1	23.0	13.625
1.42270609172e+12	1	1	23.0	13.625
1.4227063926e+12	1	1	23.0	13.687
1.42270669264e+12	1	1	23.0	13.687
1.4227069936e+12	1	1	23.0	13.625
1.4227072947e+12	1	1	23.0	13.625
1.42270759488e+12	1	1	23.0	13.687
1.42270789587e+12	1	1	23.0	13.625
1.42270819607e+12	1	1	23.0	13.687
1.42270849622e+12	1	1	23.0	13.687
1.42270879801e+12	1	1	23.0	13.812
1.42270909896e+12	1	1	23.0	13.687
1.42270940013e+12	1	1	23.0	13.625
1.42270970116e+12	1	1	23.0	13.625
1.42271000224e+12	1	1	23.0	13.5
1.42271030338e+12	1	1	23.0	13.562
1.42271060363e+12	1	1	23.0	13.75
1.42271090443e+12	1	1	23.0	14.062
1.42271120464e+12	1	1	23.0	14.125
1.42271150503e+12	1	1	23.0	14.312
1.42271180532e+12	1	1	23.0	14.312
1.42271210561e+12	1	1	23.0	14.5
1.42271240574e+12	1	1	23.0	15.125
1.42271270756e+12	1	1	23.0	15.812
1.4227130079e+12	1	1	23.0	16.312
1.42271330814e+12	1	1	23.0	16.625
1.42271360919e+12	1	1	23.0	16.625
1.42271390932e+12	1	1	23.0	16.75
1.42271420947e+12	1	1	23.0	17.0
1.42271450964e+12	1	1	23.0	17.0
1.42271480984e+12	1	1	23.0	17.25
1.42271511017e+12	1	1	23.0	17.25
1.42271541198e+12	1	1	23.0	17.5
1.42271571215e+12	1	1	23.0	17.375
1.42271601322e+12	1	1	23.0	17.437
1.42271631427e+12	1	1	23.0	17.562
1.42271661527e+12	1	1	23.0	17.875
1.42271691635e+12	1	1	23.0	17.812
1.42271721748e+12	1	1	23.0	18.125
1.42271751851e+12	1	1	23.0	18.312
1.42271781882e+12	1	1	23.0	18.25
1.42271811896e+12	1	1	23.0	18.187
1.42271841917e+12	1	1	23.0	18.187
1.42271871949e+12	1	1	23.0	18.062
1.42271901967e+12	1	1	23.0	17.875
1.42271932069e+12	1	1	23.0	18.0
1.42271962104e+12	1	1	23.0	18.25
1.42271992204e+12	1	1	23.0	18.375
1.42272022383e+12	1	1	23.0	18.562
1.42272052401e+12	1	0	19.0	18.687
1.42272082521e+12	1	0	19.0	18.625
1.42272112624e+12	1	0	19.0	18.125
1.42272142669e+12	1	1	19.0	17.937
1.42272172678e+12	1	0	18.0	18.0
1.42272202778e+12	1	0	18.0	17.687
1.42272232797e+12	1	0	18.0	17.5
1.42272262815e+12	1	0	18.0	17.187
1.42272292992e+12	1	1	18.0	16.937
1.42272322993e+12	1	1	18.0	16.875
1.42272353108e+12	1	1	18.0	16.812
1.42272383133e+12	1	1	18.0	16.562
1.42272413152e+12	1	1	18.0	16.437
1.42272443249e+12	1	1	18.0	16.5
1.42272473273e+12	1	1	18.0	16.687
1.42272503313e+12	1	1	18.0	17.125
1.42272533336e+12	1	1	18.0	17.562
1.42272563354e+12	1	1	18.0	17.812
1.42272593452e+12	1	1	18.0	17.937
1.42272623467e+12	1	1	18.0	18.187
1.42272653599e+12	1	1	18.0	18.312
1.42272683622e+12	1	1	18.0	18.312
1.42272713658e+12	1	1	18.0	18.437
1.42272743755e+12	1	1	18.0	18.312
1.42272773855e+12	1	1	18.0	17.875
1.42272803947e+12	1	1	18.0	17.75
1.42272833967e+12	1	1	18.0	17.687
1.42272864068e+12	1	1	18.0	17.812
1.42272894167e+12	1	1	18.0	17.937
1.42272924261e+12	1	1	18.0	18.0
1.42272954272e+12	1	1	18.0	18.312
1.42272984299e+12	1	1	18.0	18.375
1.42273014301e+12	1	1	18.0	18.312
1.42273044319e+12	1	1	18.0	18.125
1.42273074406e+12	1	0	1.0	18.062
1.4227310454e+12	1	0	18.0	17.75
1.42273134642e+12	1	0	18.0	17.437
1.42273164662e+12	1	0	18.0	17.25
1.42273194681e+12	1	0	17.0	17.375
1.42273224786e+12	1	0	15.0	17.0
1.42273254907e+12	1	0	15.0	16.812
1.42273285017e+12	1	0	15.0	16.562
1.42273315058e+12	1	0	15.0	16.25
1.42273345168e+12	1	0	15.0	15.875
1.42273375282e+12	1	0	15.0	15.75
1.42273405307e+12	1	0	15.0	15.562
1.42273435332e+12	1	0	15.0	15.5
1.42273465432e+12	1	0	15.0	15.437
1.42273495544e+12	1	0	15.0	15.312
1.42273525571e+12	1	0	15.0	15.25
1.42273555592e+12	1	0	15.0	15.187
1.42273585608e+12	1	0	15.0	15.062
1.42273615708e+12	1	0	15.0	15.0
1.42273645727e+12	1	0	15.0	14.875
1.42273675844e+12	1	0	15.0	14.812
1.42273705942e+12	1	0	15.0	14.812
1.42273735957e+12	1	0	15.0	14.687
1.42273765971e+12	1	0	15.0	14.562
1.4227379607e+12	1	0	15.0	14.5
1.42273826186e+12	1	0	15.0	14.375
1.42273856299e+12	1	0	15.0	14.25
1.42273886318e+12	1	0	15.0	14.187
1.42273916425e+12	1	0	15.0	14.125
1.42273946528e+12	1	1	15.0	14.062
1.4227397655e+12	1	1	15.0	14.187
1.42274006555e+12	1	1	15.0	14.25
1.42274036587e+12	1	1	15.0	14.812
1.42274066691e+12	1	1	15.0	15.437
1.4227409671e+12	1	0	15.0	16.0
1.42274126828e+12	1	0	16.0	16.187
1.42274156851e+12	1	0	16.0	16.062
1.42274186891e+12	1	0	15.0	16.062
1.4227421692e+12	1	0	15.0	15.812
1.42274246951e+12	1	0	15.0	15.687
1.42274277055e+12	1	0	15.0	15.625
1.42274307056e+12	1	0	15.0	15.437
1.42274337077e+12	1	0	15.0	15.125
1.42274367257e+12	1	0	15.0	14.937
1.42274397279e+12	1	0	15.0	14.812
1.42274427318e+12	1	0	15.0	14.687
1.42274457499e+12	1	0	15.0	14.562
1.42274487527e+12	1	0	15.0	14.375
1.42274517611e+12	1	0	15.0	14.312
1.42274547639e+12	1	0	15.0	14.25
1.42274577654e+12	1	0	15.0	14.062
1.42274607753e+12	0	0	0	13.875
1.42274637849e+12	0	0	0	13.75
1.42274667947e+12	0	0	0	14.312
1.42274698059e+12	0	0	0	14.875
1.42274728088e+12	0	0	0	15.0
1.42274758108e+12	0	0	0	15.062
1.42274788124e+12	0	0	0	15.25
1.42274818224e+12	0	0	0	15.187
1.42274848243e+12	0	0	0	15.125
1.42274878279e+12	0	0	0	15.062
1.4227490836e+12	0	0	0	14.875
1.42274938521e+12	0	0	0	14.812
1.42274968703e+12	0	0	0	14.437
1.42274998748e+12	0	0	0	14.312
1.42275028859e+12	0	0	0	14.062
1.42275058893e+12	0	0	0	13.875
1.42275089015e+12	0	0	0	13.75
1.4227511904e+12	0	0	0	13.687
1.42275149061e+12	0	0	0	13.562
1.42275179078e+12	0	0	0	13.5
1.42275209097e+12	0	0	0	13.437
1.42275239291e+12	0	0	0	13.437
1.4227526931e+12	0	0	0	13.375
1.42275299492e+12	0	0	0	13.312
1.42275329523e+12	0	0	0	13.25
1.4227535955e+12	0	0	0	13.25
1.42275389551e+12	0	0	0	13.187
1.42275419569e+12	0	0	0	13.187
1.42275449587e+12	0	0	0	13.062
1.42275479707e+12	0	0	0	13.062
1.42275509805e+12	0	0	0	13.0
1.42275539828e+12	0	0	0	12.937
1.42275569927e+12	0	0	0	13.0
1.42275599957e+12	0	0	0	12.937
1.42275630066e+12	0	0	0	12.875
1.42275660247e+12	0	0	0	12.875
1.42275690262e+12	0	0	0	12.812
1.4227572036e+12	0	0	0	12.812
1.42275750392e+12	0	0	0	12.812
1.42275780415e+12	0	0	0	12.75
1.42275810517e+12	0	0	0	12.75
1.42275840538e+12	0	0	0	12.687
1.4227587055e+12	0	0	0	12.687
1.42275900654e+12	0	0	0	12.625
1.42275930774e+12	0	0	0	12.625
1.42275960788e+12	0	0	0	12.562
1.42275990871e+12	0	0	0	12.562
1.42276020899e+12	0	0	0	12.562
1.42276050998e+12	0	0	0	12.562
1.42276081045e+12	0	0	0	12.562
1.42276111147e+12	0	0	0	12.5
1.42276141162e+12	0	0	0	12.5
1.42276171179e+12	0	0	0	12.437
1.42276201278e+12	0	0	0	12.375
1.42276231394e+12	0	0	0	12.437
1.42276261502e+12	0	0	0	12.437
1.4227629158e+12	0	0	0	12.312
1.42276321599e+12	0	0	0	12.312
1.42276351709e+12	0	0	0	12.312
1.42276381743e+12	0	0	0	12.312
1.42276411763e+12	0	0	0	12.25
1.42276441784e+12	0	0	0	12.25
1.42276471849e+12	0	0	0	12.187
1.42276501945e+12	0	0	0	12.187
1.42276532054e+12	0	0	0	12.187
1.42276562215e+12	0	0	0	12.187
1.42276592316e+12	0	0	0	12.187
1.42276622499e+12	0	0	0	12.125
1.42276652602e+12	0	0	0	12.125
1.42276682707e+12	0	0	0	12.062
1.42276712807e+12	0	0	0	12.062
1.42276742823e+12	0	0	0	12.062
1.42276772847e+12	0	0	0	12.062
1.42276802864e+12	0	0	0	12.062
1.42276832883e+12	0	0	0	12.0
1.42276862988e+12	0	0	0	12.0
1.42276893099e+12	0	0	0	12.0
1.42276923128e+12	0	0	0	12.0
1.42276953304e+12	0	0	0	11.937
1.42276983313e+12	0	0	0	11.937
1.4227701333e+12	0	0	0	11.875
1.42277043356e+12	0	0	0	11.875
1.42277073457e+12	0	0	0	11.937
1.42277103554e+12	0	0	0	11.937
1.42277133658e+12	0	0	0	11.937
1.42277163675e+12	0	0	0	12.0
1.42277193775e+12	0	0	0	12.0
1.42277223881e+12	0	0	0	12.062
1.42277253931e+12	0	0	0	12.062
1.42277283964e+12	0	0	0	12.062
1.42277314143e+12	0	0	0	12.125
1.42277344187e+12	0	0	0	12.125
1.42277374306e+12	0	0	0	12.125
1.4227740443e+12	0	0	0	12.125
1.42277434449e+12	0	0	0	12.062
1.42277464505e+12	0	0	0	12.062
1.42277494609e+12	0	0	0	12.0
1.4227752472e+12	0	0	0	12.0
1.42277554742e+12	0	0	0	11.937
1.42277584848e+12	0	0	0	12.0
1.42277614869e+12	0	0	0	11.937
1.42277644895e+12	0	0	0	11.937
1.42277674993e+12	0	0	0	11.875
1.42277705093e+12	0	0	0	11.875
1.42277735273e+12	0	0	0	11.875
1.42277765295e+12	0	0	0	11.875
1.42277795407e+12	0	0	0	11.812
1.42277825585e+12	0	0	0	11.875
1.42277855764e+12	0	0	0	11.812
1.42277885872e+12	0	0	0	11.812
1.42277915989e+12	0	0	0	11.812
1.42277946021e+12	0	0	0	11.812
1.42277976118e+12	0	0	0	11.812
1.42278006133e+12	0	0	0	11.75
1.42278036234e+12	0	0	0	11.75
1.4227806627e+12	1	1	15.0	11.812
1.42278096392e+12	1	1	15.0	12.125
1.42278126406e+12	1	1	15.0	12.375
1.42278156511e+12	1	1	15.0	12.687
1.42278186588e+12	1	1	15.0	13.25
1.42278216628e+12	1	1	15.0	14.0
1.4227824663e+12	1	1	15.0	14.375
1.42278276656e+12	1	1	15.0	14.875
1.42278306685e+12	1	1	15.0	15.187
1.42278336732e+12	1	1	15.0	15.437
1.42278366764e+12	1	1	15.0	15.625
1.42278396776e+12	1	1	15.0	15.937
1.42278426876e+12	1	0	15.0	15.875
1.42278456978e+12	1	0	15.0	15.625
1.42278486993e+12	1	0	15.0	15.437
1.42278517014e+12	1	0	15.0	15.312
1.42278547015e+12	1	0	15.0	15.062
1.4227857718e+12	1	0	15.0	14.875
1.42278607362e+12	1	0	15.0	14.687
1.42278637472e+12	1	0	15.0	14.562
1.42278667505e+12	1	0	15.0	14.312
1.4227869753e+12	1	0	15.0	14.125
1.42278727547e+12	1	1	15.0	14.062
1.42278757657e+12	1	1	15.0	14.125
1.42278787681e+12	1	1	15.0	14.375
1.42278817785e+12	1	1	15.0	14.75
1.42278847869e+12	1	1	15.0	15.062
1.42278877896e+12	1	1	15.0	15.562
1.42278907994e+12	1	1	15.0	15.875
1.42278938022e+12	1	0	15.0	16.062
1.4227896804e+12	1	0	15.0	15.75
1.42278998142e+12	1	0	15.0	15.625
1.42279028151e+12	1	1	17.0	15.687
1.42279058251e+12	1	1	17.0	15.562
1.42279088431e+12	1	1	17.0	15.562
1.42279118475e+12	1	1	17.0	15.5
1.42279148518e+12	1	1	17.0	15.687
1.42279178541e+12	1	1	18.0	15.75
1.42279208656e+12	1	1	18.0	16.0
1.42279238741e+12	1	1	18.0	16.312
1.42279268841e+12	1	1	18.0	16.625
1.42279298957e+12	1	1	18.0	17.0
1.42279329062e+12	1	1	18.0	17.062
1.42279359087e+12	1	1	17.0	17.375
1.42279389214e+12	1	1	17.0	17.562
1.4227941924e+12	1	1	18.0	17.75
1.42279449325e+12	1	1	18.0	17.875
1.42279479409e+12	1	1	18.0	18.0
1.42279509453e+12	1	1	18.0	18.25
1.42279539542e+12	1	1	18.0	18.062
1.42279569628e+12	1	1	18.0	17.625
1.42279599746e+12	1	1	18.0	17.562
1.42279629857e+12	1	1	18.0	17.562
1.42279659877e+12	1	1	18.0	17.812
1.42279689945e+12	1	1	18.0	18.0
1.42279719976e+12	1	1	18.0	18.187
